{"C:\\Users\\asus\\tugasFase3\\anon\\server\\app.js": {"path":"C:\\Users\\asus\\tugasFase3\\anon\\server\\app.js","statementMap":{"0":{"start":{"line":1,"column":0},"end":{"line":1,"column":69}},"1":{"start":{"line":1,"column":42},"end":{"line":1,"column":69}},"2":{"start":{"line":2,"column":16},"end":{"line":2,"column":34}},"3":{"start":{"line":3,"column":12},"end":{"line":3,"column":21}},"4":{"start":{"line":4,"column":15},"end":{"line":4,"column":48}},"5":{"start":{"line":5,"column":13},"end":{"line":5,"column":17}},"6":{"start":{"line":6,"column":15},"end":{"line":6,"column":34}},"7":{"start":{"line":7,"column":13},"end":{"line":7,"column":28}},"8":{"start":{"line":8,"column":23},"end":{"line":8,"column":62}},"9":{"start":{"line":9,"column":11},"end":{"line":13,"column":2}},"10":{"start":{"line":15,"column":0},"end":{"line":15,"column":15}},"11":{"start":{"line":16,"column":0},"end":{"line":16,"column":23}},"12":{"start":{"line":17,"column":0},"end":{"line":17,"column":47}},"13":{"start":{"line":19,"column":0},"end":{"line":19,"column":16}},"14":{"start":{"line":21,"column":0},"end":{"line":26,"column":1}},"15":{"start":{"line":21,"column":36},"end":{"line":21,"column":56}},"16":{"start":{"line":23,"column":2},"end":{"line":25,"column":4}},"17":{"start":{"line":24,"column":4},"end":{"line":24,"column":68}}},"fnMap":{"0":{"name":"(anonymous_0)","decl":{"start":{"line":23,"column":22},"end":{"line":23,"column":23}},"loc":{"start":{"line":23,"column":28},"end":{"line":25,"column":3}},"line":23}},"branchMap":{"0":{"loc":{"start":{"line":1,"column":0},"end":{"line":1,"column":69}},"type":"if","locations":[{"start":{"line":1,"column":0},"end":{"line":1,"column":69}},{"start":{},"end":{}}],"line":1},"1":{"loc":{"start":{"line":21,"column":0},"end":{"line":26,"column":1}},"type":"if","locations":[{"start":{"line":21,"column":0},"end":{"line":26,"column":1}},{"start":{"line":22,"column":5},"end":{"line":26,"column":1}}],"line":21}},"s":{"0":1,"1":1,"2":1,"3":1,"4":1,"5":1,"6":1,"7":1,"8":1,"9":1,"10":1,"11":1,"12":1,"13":1,"14":1,"15":1,"16":0,"17":0},"f":{"0":0},"b":{"0":[1,0],"1":[1,0]},"_coverageSchema":"1a1c01bbd47fc00a2c39e90264f33305004495a9","hash":"25da9a680505b52246d93ec0983b606f46bb8601"}
,"C:\\Users\\asus\\tugasFase3\\anon\\server\\controllers\\TransactionController.js": {"path":"C:\\Users\\asus\\tugasFase3\\anon\\server\\controllers\\TransactionController.js","statementMap":{"0":{"start":{"line":1,"column":30},"end":{"line":1,"column":50}},"1":{"start":{"line":2,"column":23},"end":{"line":2,"column":49}},"2":{"start":{"line":3,"column":23},"end":{"line":3,"column":50}},"3":{"start":{"line":5,"column":11},"end":{"line":9,"column":2}},"4":{"start":{"line":13,"column":19},"end":{"line":13,"column":114}},"5":{"start":{"line":15,"column":20},"end":{"line":22,"column":5}},"6":{"start":{"line":24,"column":4},"end":{"line":31,"column":8}},"7":{"start":{"line":27,"column":8},"end":{"line":27,"column":46}},"8":{"start":{"line":30,"column":8},"end":{"line":30,"column":33}},"9":{"start":{"line":36,"column":17},"end":{"line":36,"column":56}},"10":{"start":{"line":38,"column":4},"end":{"line":101,"column":9}},"11":{"start":{"line":44,"column":8},"end":{"line":98,"column":9}},"12":{"start":{"line":45,"column":22},"end":{"line":50,"column":11}},"13":{"start":{"line":51,"column":10},"end":{"line":56,"column":15}},"14":{"start":{"line":53,"column":14},"end":{"line":53,"column":42}},"15":{"start":{"line":55,"column":14},"end":{"line":55,"column":23}},"16":{"start":{"line":58,"column":22},"end":{"line":60,"column":11}},"17":{"start":{"line":61,"column":10},"end":{"line":97,"column":15}},"18":{"start":{"line":67,"column":14},"end":{"line":94,"column":61}},"19":{"start":{"line":69,"column":27},"end":{"line":69,"column":33}},"20":{"start":{"line":70,"column":31},"end":{"line":70,"column":60}},"21":{"start":{"line":72,"column":16},"end":{"line":90,"column":21}},"22":{"start":{"line":79,"column":20},"end":{"line":81,"column":23}},"23":{"start":{"line":89,"column":20},"end":{"line":89,"column":45}},"24":{"start":{"line":94,"column":19},"end":{"line":94,"column":61}},"25":{"start":{"line":96,"column":14},"end":{"line":96,"column":39}},"26":{"start":{"line":100,"column":8},"end":{"line":100,"column":33}},"27":{"start":{"line":105,"column":4},"end":{"line":115,"column":9}},"28":{"start":{"line":112,"column":8},"end":{"line":112,"column":36}},"29":{"start":{"line":114,"column":8},"end":{"line":114,"column":33}},"30":{"start":{"line":119,"column":0},"end":{"line":119,"column":27}}},"fnMap":{"0":{"name":"(anonymous_0)","decl":{"start":{"line":12,"column":2},"end":{"line":12,"column":3}},"loc":{"start":{"line":12,"column":39},"end":{"line":32,"column":3}},"line":12},"1":{"name":"(anonymous_1)","decl":{"start":{"line":25,"column":12},"end":{"line":25,"column":13}},"loc":{"start":{"line":25,"column":29},"end":{"line":28,"column":7}},"line":25},"2":{"name":"(anonymous_2)","decl":{"start":{"line":29,"column":13},"end":{"line":29,"column":14}},"loc":{"start":{"line":29,"column":20},"end":{"line":31,"column":7}},"line":29},"3":{"name":"(anonymous_3)","decl":{"start":{"line":34,"column":2},"end":{"line":34,"column":3}},"loc":{"start":{"line":34,"column":49},"end":{"line":102,"column":3}},"line":34},"4":{"name":"(anonymous_4)","decl":{"start":{"line":43,"column":12},"end":{"line":43,"column":13}},"loc":{"start":{"line":43,"column":24},"end":{"line":99,"column":7}},"line":43},"5":{"name":"(anonymous_5)","decl":{"start":{"line":52,"column":18},"end":{"line":52,"column":19}},"loc":{"start":{"line":52,"column":30},"end":{"line":54,"column":13}},"line":52},"6":{"name":"(anonymous_6)","decl":{"start":{"line":54,"column":21},"end":{"line":54,"column":22}},"loc":{"start":{"line":54,"column":30},"end":{"line":56,"column":13}},"line":54},"7":{"name":"(anonymous_7)","decl":{"start":{"line":66,"column":18},"end":{"line":66,"column":19}},"loc":{"start":{"line":66,"column":30},"end":{"line":95,"column":13}},"line":66},"8":{"name":"(anonymous_8)","decl":{"start":{"line":78,"column":24},"end":{"line":78,"column":25}},"loc":{"start":{"line":78,"column":30},"end":{"line":88,"column":19}},"line":78},"9":{"name":"(anonymous_9)","decl":{"start":{"line":88,"column":27},"end":{"line":88,"column":28}},"loc":{"start":{"line":88,"column":36},"end":{"line":90,"column":19}},"line":88},"10":{"name":"(anonymous_10)","decl":{"start":{"line":95,"column":21},"end":{"line":95,"column":22}},"loc":{"start":{"line":95,"column":30},"end":{"line":97,"column":13}},"line":95},"11":{"name":"(anonymous_11)","decl":{"start":{"line":99,"column":15},"end":{"line":99,"column":16}},"loc":{"start":{"line":99,"column":24},"end":{"line":101,"column":7}},"line":99},"12":{"name":"(anonymous_12)","decl":{"start":{"line":104,"column":2},"end":{"line":104,"column":3}},"loc":{"start":{"line":104,"column":42},"end":{"line":116,"column":3}},"line":104},"13":{"name":"(anonymous_13)","decl":{"start":{"line":111,"column":12},"end":{"line":111,"column":13}},"loc":{"start":{"line":111,"column":24},"end":{"line":113,"column":7}},"line":111},"14":{"name":"(anonymous_14)","decl":{"start":{"line":113,"column":15},"end":{"line":113,"column":16}},"loc":{"start":{"line":113,"column":24},"end":{"line":115,"column":7}},"line":113}},"branchMap":{"0":{"loc":{"start":{"line":44,"column":8},"end":{"line":98,"column":9}},"type":"if","locations":[{"start":{"line":44,"column":8},"end":{"line":98,"column":9}},{"start":{"line":57,"column":15},"end":{"line":98,"column":9}}],"line":44},"1":{"loc":{"start":{"line":67,"column":14},"end":{"line":94,"column":61}},"type":"if","locations":[{"start":{"line":67,"column":14},"end":{"line":94,"column":61}},{"start":{"line":94,"column":19},"end":{"line":94,"column":61}}],"line":67}},"s":{"0":1,"1":1,"2":1,"3":1,"4":0,"5":0,"6":0,"7":0,"8":0,"9":4,"10":4,"11":4,"12":1,"13":1,"14":1,"15":0,"16":3,"17":3,"18":3,"19":2,"20":2,"21":2,"22":1,"23":1,"24":1,"25":1,"26":0,"27":1,"28":1,"29":0,"30":1},"f":{"0":0,"1":0,"2":0,"3":4,"4":4,"5":1,"6":0,"7":3,"8":1,"9":1,"10":1,"11":0,"12":1,"13":1,"14":0},"b":{"0":[1,3],"1":[2,1]},"_coverageSchema":"1a1c01bbd47fc00a2c39e90264f33305004495a9","hash":"2112066fb53aae987256c07f83e109bd737cbbbd"}
,"C:\\Users\\asus\\tugasFase3\\anon\\server\\controllers\\UserController.js": {"path":"C:\\Users\\asus\\tugasFase3\\anon\\server\\controllers\\UserController.js","statementMap":{"0":{"start":{"line":1,"column":17},"end":{"line":1,"column":37}},"1":{"start":{"line":2,"column":44},"end":{"line":2,"column":71}},"2":{"start":{"line":6,"column":46},"end":{"line":6,"column":54}},"3":{"start":{"line":8,"column":23},"end":{"line":8,"column":56}},"4":{"start":{"line":10,"column":8},"end":{"line":27,"column":9}},"5":{"start":{"line":11,"column":25},"end":{"line":17,"column":14}},"6":{"start":{"line":18,"column":12},"end":{"line":24,"column":14}},"7":{"start":{"line":26,"column":12},"end":{"line":26,"column":39}},"8":{"start":{"line":31,"column":39},"end":{"line":31,"column":47}},"9":{"start":{"line":32,"column":8},"end":{"line":57,"column":9}},"10":{"start":{"line":33,"column":25},"end":{"line":37,"column":14}},"11":{"start":{"line":38,"column":12},"end":{"line":38,"column":60}},"12":{"start":{"line":38,"column":23},"end":{"line":38,"column":60}},"13":{"start":{"line":39,"column":30},"end":{"line":39,"column":70}},"14":{"start":{"line":41,"column":12},"end":{"line":41,"column":62}},"15":{"start":{"line":41,"column":28},"end":{"line":41,"column":62}},"16":{"start":{"line":42,"column":33},"end":{"line":45,"column":14}},"17":{"start":{"line":47,"column":12},"end":{"line":54,"column":14}},"18":{"start":{"line":56,"column":12},"end":{"line":56,"column":39}},"19":{"start":{"line":61,"column":19},"end":{"line":61,"column":33}},"20":{"start":{"line":62,"column":23},"end":{"line":62,"column":38}},"21":{"start":{"line":64,"column":8},"end":{"line":83,"column":9}},"22":{"start":{"line":65,"column":25},"end":{"line":70,"column":14}},"23":{"start":{"line":72,"column":12},"end":{"line":72,"column":65}},"24":{"start":{"line":72,"column":31},"end":{"line":72,"column":65}},"25":{"start":{"line":73,"column":12},"end":{"line":79,"column":14}},"26":{"start":{"line":82,"column":12},"end":{"line":82,"column":39}},"27":{"start":{"line":110,"column":20},"end":{"line":110,"column":34}},"28":{"start":{"line":111,"column":22},"end":{"line":111,"column":37}},"29":{"start":{"line":113,"column":8},"end":{"line":129,"column":9}},"30":{"start":{"line":114,"column":25},"end":{"line":119,"column":14}},"31":{"start":{"line":120,"column":12},"end":{"line":120,"column":68}},"32":{"start":{"line":120,"column":34},"end":{"line":120,"column":68}},"33":{"start":{"line":121,"column":12},"end":{"line":126,"column":14}},"34":{"start":{"line":128,"column":12},"end":{"line":128,"column":39}},"35":{"start":{"line":133,"column":0},"end":{"line":133,"column":31}}},"fnMap":{"0":{"name":"(anonymous_0)","decl":{"start":{"line":5,"column":4},"end":{"line":5,"column":5}},"loc":{"start":{"line":5,"column":36},"end":{"line":28,"column":5}},"line":5},"1":{"name":"(anonymous_1)","decl":{"start":{"line":30,"column":4},"end":{"line":30,"column":5}},"loc":{"start":{"line":30,"column":33},"end":{"line":58,"column":5}},"line":30},"2":{"name":"(anonymous_2)","decl":{"start":{"line":60,"column":4},"end":{"line":60,"column":5}},"loc":{"start":{"line":60,"column":41},"end":{"line":84,"column":5}},"line":60},"3":{"name":"(anonymous_3)","decl":{"start":{"line":109,"column":4},"end":{"line":109,"column":5}},"loc":{"start":{"line":109,"column":35},"end":{"line":130,"column":5}},"line":109}},"branchMap":{"0":{"loc":{"start":{"line":38,"column":12},"end":{"line":38,"column":60}},"type":"if","locations":[{"start":{"line":38,"column":12},"end":{"line":38,"column":60}},{"start":{},"end":{}}],"line":38},"1":{"loc":{"start":{"line":41,"column":12},"end":{"line":41,"column":62}},"type":"if","locations":[{"start":{"line":41,"column":12},"end":{"line":41,"column":62}},{"start":{},"end":{}}],"line":41},"2":{"loc":{"start":{"line":72,"column":12},"end":{"line":72,"column":65}},"type":"if","locations":[{"start":{"line":72,"column":12},"end":{"line":72,"column":65}},{"start":{},"end":{}}],"line":72},"3":{"loc":{"start":{"line":120,"column":12},"end":{"line":120,"column":68}},"type":"if","locations":[{"start":{"line":120,"column":12},"end":{"line":120,"column":68}},{"start":{},"end":{}}],"line":120}},"s":{"0":1,"1":1,"2":2,"3":2,"4":2,"5":2,"6":1,"7":1,"8":3,"9":3,"10":3,"11":3,"12":1,"13":2,"14":2,"15":1,"16":1,"17":1,"18":2,"19":2,"20":2,"21":2,"22":2,"23":2,"24":1,"25":1,"26":1,"27":1,"28":1,"29":1,"30":1,"31":1,"32":0,"33":1,"34":0,"35":1},"f":{"0":2,"1":3,"2":2,"3":1},"b":{"0":[1,2],"1":[1,1],"2":[1,1],"3":[0,1]},"_coverageSchema":"1a1c01bbd47fc00a2c39e90264f33305004495a9","hash":"79c15b2dae6acac79c281009836ffd9f061ba8d7"}
,"C:\\Users\\asus\\tugasFase3\\anon\\server\\controllers\\hiss.js": {"path":"C:\\Users\\asus\\tugasFase3\\anon\\server\\controllers\\hiss.js","statementMap":{"0":{"start":{"line":1,"column":17},"end":{"line":1,"column":37}},"1":{"start":{"line":5,"column":18},"end":{"line":10,"column":5}},"2":{"start":{"line":12,"column":4},"end":{"line":14,"column":53}},"3":{"start":{"line":13,"column":22},"end":{"line":13,"column":48}},"4":{"start":{"line":14,"column":24},"end":{"line":14,"column":51}},"5":{"start":{"line":18,"column":4},"end":{"line":22,"column":53}},"6":{"start":{"line":21,"column":24},"end":{"line":21,"column":52}},"7":{"start":{"line":22,"column":24},"end":{"line":22,"column":51}},"8":{"start":{"line":26,"column":4},"end":{"line":28,"column":53}},"9":{"start":{"line":27,"column":22},"end":{"line":27,"column":48}},"10":{"start":{"line":28,"column":24},"end":{"line":28,"column":51}},"11":{"start":{"line":32,"column":15},"end":{"line":32,"column":29}},"12":{"start":{"line":34,"column":4},"end":{"line":48,"column":57}},"13":{"start":{"line":44,"column":37},"end":{"line":44,"column":47}},"14":{"start":{"line":46,"column":8},"end":{"line":46,"column":58}},"15":{"start":{"line":48,"column":24},"end":{"line":48,"column":55}},"16":{"start":{"line":52,"column":15},"end":{"line":52,"column":29}},"17":{"start":{"line":54,"column":4},"end":{"line":67,"column":57}},"18":{"start":{"line":64,"column":33},"end":{"line":64,"column":43}},"19":{"start":{"line":65,"column":8},"end":{"line":65,"column":54}},"20":{"start":{"line":67,"column":24},"end":{"line":67,"column":55}},"21":{"start":{"line":71,"column":15},"end":{"line":71,"column":29}},"22":{"start":{"line":73,"column":4},"end":{"line":82,"column":53}},"23":{"start":{"line":78,"column":8},"end":{"line":80,"column":11}},"24":{"start":{"line":82,"column":24},"end":{"line":82,"column":51}},"25":{"start":{"line":86,"column":0},"end":{"line":86,"column":32}}},"fnMap":{"0":{"name":"(anonymous_0)","decl":{"start":{"line":4,"column":2},"end":{"line":4,"column":3}},"loc":{"start":{"line":4,"column":30},"end":{"line":15,"column":3}},"line":4},"1":{"name":"(anonymous_1)","decl":{"start":{"line":13,"column":12},"end":{"line":13,"column":13}},"loc":{"start":{"line":13,"column":22},"end":{"line":13,"column":48}},"line":13},"2":{"name":"(anonymous_2)","decl":{"start":{"line":14,"column":13},"end":{"line":14,"column":14}},"loc":{"start":{"line":14,"column":24},"end":{"line":14,"column":51}},"line":14},"3":{"name":"(anonymous_3)","decl":{"start":{"line":17,"column":2},"end":{"line":17,"column":3}},"loc":{"start":{"line":17,"column":30},"end":{"line":23,"column":3}},"line":17},"4":{"name":"(anonymous_4)","decl":{"start":{"line":21,"column":12},"end":{"line":21,"column":13}},"loc":{"start":{"line":21,"column":24},"end":{"line":21,"column":52}},"line":21},"5":{"name":"(anonymous_5)","decl":{"start":{"line":22,"column":13},"end":{"line":22,"column":14}},"loc":{"start":{"line":22,"column":24},"end":{"line":22,"column":51}},"line":22},"6":{"name":"(anonymous_6)","decl":{"start":{"line":25,"column":2},"end":{"line":25,"column":3}},"loc":{"start":{"line":25,"column":31},"end":{"line":29,"column":3}},"line":25},"7":{"name":"(anonymous_7)","decl":{"start":{"line":27,"column":12},"end":{"line":27,"column":13}},"loc":{"start":{"line":27,"column":22},"end":{"line":27,"column":48}},"line":27},"8":{"name":"(anonymous_8)","decl":{"start":{"line":28,"column":13},"end":{"line":28,"column":14}},"loc":{"start":{"line":28,"column":24},"end":{"line":28,"column":51}},"line":28},"9":{"name":"(anonymous_9)","decl":{"start":{"line":31,"column":2},"end":{"line":31,"column":3}},"loc":{"start":{"line":31,"column":34},"end":{"line":49,"column":3}},"line":31},"10":{"name":"(anonymous_10)","decl":{"start":{"line":43,"column":12},"end":{"line":43,"column":13}},"loc":{"start":{"line":43,"column":22},"end":{"line":47,"column":7}},"line":43},"11":{"name":"(anonymous_11)","decl":{"start":{"line":48,"column":13},"end":{"line":48,"column":14}},"loc":{"start":{"line":48,"column":24},"end":{"line":48,"column":55}},"line":48},"12":{"name":"(anonymous_12)","decl":{"start":{"line":51,"column":2},"end":{"line":51,"column":3}},"loc":{"start":{"line":51,"column":30},"end":{"line":68,"column":3}},"line":51},"13":{"name":"(anonymous_13)","decl":{"start":{"line":63,"column":12},"end":{"line":63,"column":13}},"loc":{"start":{"line":63,"column":22},"end":{"line":66,"column":7}},"line":63},"14":{"name":"(anonymous_14)","decl":{"start":{"line":67,"column":13},"end":{"line":67,"column":14}},"loc":{"start":{"line":67,"column":24},"end":{"line":67,"column":55}},"line":67},"15":{"name":"(anonymous_15)","decl":{"start":{"line":70,"column":2},"end":{"line":70,"column":3}},"loc":{"start":{"line":70,"column":30},"end":{"line":83,"column":3}},"line":70},"16":{"name":"(anonymous_16)","decl":{"start":{"line":77,"column":12},"end":{"line":77,"column":13}},"loc":{"start":{"line":77,"column":18},"end":{"line":81,"column":7}},"line":77},"17":{"name":"(anonymous_17)","decl":{"start":{"line":82,"column":13},"end":{"line":82,"column":14}},"loc":{"start":{"line":82,"column":24},"end":{"line":82,"column":51}},"line":82}},"branchMap":{},"s":{"0":1,"1":2,"2":2,"3":1,"4":1,"5":1,"6":1,"7":0,"8":1,"9":1,"10":0,"11":1,"12":1,"13":1,"14":1,"15":0,"16":2,"17":2,"18":1,"19":1,"20":1,"21":1,"22":1,"23":1,"24":0,"25":1},"f":{"0":2,"1":1,"2":1,"3":1,"4":1,"5":0,"6":1,"7":1,"8":0,"9":1,"10":1,"11":0,"12":2,"13":1,"14":1,"15":1,"16":1,"17":0},"b":{},"_coverageSchema":"1a1c01bbd47fc00a2c39e90264f33305004495a9","hash":"6aba29db776e7a3c2e820f134d149dfa9ec30754"}
,"C:\\Users\\asus\\tugasFase3\\anon\\server\\helpers\\index.js": {"path":"C:\\Users\\asus\\tugasFase3\\anon\\server\\helpers\\index.js","statementMap":{"0":{"start":{"line":1,"column":15},"end":{"line":1,"column":32}},"1":{"start":{"line":2,"column":12},"end":{"line":2,"column":35}},"2":{"start":{"line":3,"column":20},"end":{"line":3,"column":43}},"3":{"start":{"line":6,"column":15},"end":{"line":6,"column":37}},"4":{"start":{"line":7,"column":17},"end":{"line":7,"column":48}},"5":{"start":{"line":8,"column":2},"end":{"line":8,"column":16}},"6":{"start":{"line":12,"column":2},"end":{"line":12,"column":54}},"7":{"start":{"line":16,"column":23},"end":{"line":16,"column":53}},"8":{"start":{"line":17,"column":2},"end":{"line":17,"column":22}},"9":{"start":{"line":21,"column":24},"end":{"line":21,"column":61}},"10":{"start":{"line":22,"column":2},"end":{"line":22,"column":23}},"11":{"start":{"line":25,"column":0},"end":{"line":30,"column":2}}},"fnMap":{"0":{"name":"passwordHasher","decl":{"start":{"line":5,"column":9},"end":{"line":5,"column":23}},"loc":{"start":{"line":5,"column":34},"end":{"line":9,"column":1}},"line":5},"1":{"name":"passwordDecoder","decl":{"start":{"line":11,"column":9},"end":{"line":11,"column":24}},"loc":{"start":{"line":11,"column":51},"end":{"line":13,"column":1}},"line":11},"2":{"name":"tokenGenerator","decl":{"start":{"line":15,"column":9},"end":{"line":15,"column":23}},"loc":{"start":{"line":15,"column":33},"end":{"line":18,"column":1}},"line":15},"3":{"name":"tokenDecoder","decl":{"start":{"line":20,"column":9},"end":{"line":20,"column":21}},"loc":{"start":{"line":20,"column":36},"end":{"line":23,"column":1}},"line":20}},"branchMap":{},"s":{"0":1,"1":1,"2":1,"3":1,"4":1,"5":1,"6":2,"7":1,"8":1,"9":16,"10":15,"11":1},"f":{"0":1,"1":2,"2":1,"3":16},"b":{},"_coverageSchema":"1a1c01bbd47fc00a2c39e90264f33305004495a9","hash":"ac9227bb418182c6e74711e5165939d8e9f34c32"}
,"C:\\Users\\asus\\tugasFase3\\anon\\server\\middlewares\\auth.js": {"path":"C:\\Users\\asus\\tugasFase3\\anon\\server\\middlewares\\auth.js","statementMap":{"0":{"start":{"line":1,"column":25},"end":{"line":1,"column":46}},"1":{"start":{"line":2,"column":23},"end":{"line":2,"column":43}},"2":{"start":{"line":5,"column":27},"end":{"line":5,"column":38}},"3":{"start":{"line":7,"column":2},"end":{"line":9,"column":3}},"4":{"start":{"line":8,"column":4},"end":{"line":8,"column":56}},"5":{"start":{"line":11,"column":2},"end":{"line":28,"column":3}},"6":{"start":{"line":12,"column":24},"end":{"line":12,"column":50}},"7":{"start":{"line":14,"column":4},"end":{"line":25,"column":53}},"8":{"start":{"line":16,"column":8},"end":{"line":23,"column":9}},"9":{"start":{"line":17,"column":10},"end":{"line":17,"column":57}},"10":{"start":{"line":19,"column":10},"end":{"line":21,"column":12}},"11":{"start":{"line":22,"column":10},"end":{"line":22,"column":17}},"12":{"start":{"line":25,"column":24},"end":{"line":25,"column":51}},"13":{"start":{"line":27,"column":4},"end":{"line":27,"column":39}},"14":{"start":{"line":32,"column":11},"end":{"line":32,"column":29}},"15":{"start":{"line":33,"column":2},"end":{"line":45,"column":47}},"16":{"start":{"line":35,"column":6},"end":{"line":43,"column":7}},"17":{"start":{"line":36,"column":8},"end":{"line":40,"column":9}},"18":{"start":{"line":37,"column":10},"end":{"line":37,"column":16}},"19":{"start":{"line":39,"column":10},"end":{"line":39,"column":30}},"20":{"start":{"line":42,"column":8},"end":{"line":42,"column":25}},"21":{"start":{"line":45,"column":20},"end":{"line":45,"column":45}},"22":{"start":{"line":48,"column":0},"end":{"line":51,"column":2}}},"fnMap":{"0":{"name":"authentication","decl":{"start":{"line":4,"column":9},"end":{"line":4,"column":23}},"loc":{"start":{"line":4,"column":40},"end":{"line":29,"column":1}},"line":4},"1":{"name":"(anonymous_1)","decl":{"start":{"line":15,"column":12},"end":{"line":15,"column":13}},"loc":{"start":{"line":15,"column":22},"end":{"line":24,"column":7}},"line":15},"2":{"name":"(anonymous_2)","decl":{"start":{"line":25,"column":13},"end":{"line":25,"column":14}},"loc":{"start":{"line":25,"column":24},"end":{"line":25,"column":51}},"line":25},"3":{"name":"authorization","decl":{"start":{"line":31,"column":9},"end":{"line":31,"column":22}},"loc":{"start":{"line":31,"column":39},"end":{"line":46,"column":1}},"line":31},"4":{"name":"(anonymous_4)","decl":{"start":{"line":34,"column":10},"end":{"line":34,"column":11}},"loc":{"start":{"line":34,"column":20},"end":{"line":44,"column":5}},"line":34},"5":{"name":"(anonymous_5)","decl":{"start":{"line":45,"column":11},"end":{"line":45,"column":12}},"loc":{"start":{"line":45,"column":20},"end":{"line":45,"column":45}},"line":45}},"branchMap":{"0":{"loc":{"start":{"line":7,"column":2},"end":{"line":9,"column":3}},"type":"if","locations":[{"start":{"line":7,"column":2},"end":{"line":9,"column":3}},{"start":{},"end":{}}],"line":7},"1":{"loc":{"start":{"line":16,"column":8},"end":{"line":23,"column":9}},"type":"if","locations":[{"start":{"line":16,"column":8},"end":{"line":23,"column":9}},{"start":{"line":18,"column":15},"end":{"line":23,"column":9}}],"line":16},"2":{"loc":{"start":{"line":35,"column":6},"end":{"line":43,"column":7}},"type":"if","locations":[{"start":{"line":35,"column":6},"end":{"line":43,"column":7}},{"start":{"line":41,"column":13},"end":{"line":43,"column":7}}],"line":35},"3":{"loc":{"start":{"line":36,"column":8},"end":{"line":40,"column":9}},"type":"if","locations":[{"start":{"line":36,"column":8},"end":{"line":40,"column":9}},{"start":{"line":38,"column":15},"end":{"line":40,"column":9}}],"line":36}},"s":{"0":1,"1":1,"2":19,"3":19,"4":3,"5":16,"6":16,"7":15,"8":15,"9":0,"10":15,"11":15,"12":0,"13":1,"14":8,"15":8,"16":8,"17":5,"18":5,"19":0,"20":3,"21":3,"22":1},"f":{"0":19,"1":15,"2":0,"3":8,"4":8,"5":3},"b":{"0":[3,16],"1":[0,15],"2":[5,3],"3":[5,0]},"_coverageSchema":"1a1c01bbd47fc00a2c39e90264f33305004495a9","hash":"1ec156e650ac8c773aa6ba4be7a106cc10e6c84f"}
,"C:\\Users\\asus\\tugasFase3\\anon\\server\\models\\hiss.js": {"path":"C:\\Users\\asus\\tugasFase3\\anon\\server\\models\\hiss.js","statementMap":{"0":{"start":{"line":2,"column":18},"end":{"line":2,"column":38}},"1":{"start":{"line":3,"column":0},"end":{"line":52,"column":2}},"2":{"start":{"line":14,"column":2},"end":{"line":50,"column":4}},"3":{"start":{"line":51,"column":2},"end":{"line":51,"column":14}}},"fnMap":{"0":{"name":"(anonymous_0)","decl":{"start":{"line":3,"column":17},"end":{"line":3,"column":18}},"loc":{"start":{"line":3,"column":43},"end":{"line":52,"column":1}},"line":3},"1":{"name":"(anonymous_1)","decl":{"start":{"line":10,"column":4},"end":{"line":10,"column":5}},"loc":{"start":{"line":10,"column":29},"end":{"line":12,"column":5}},"line":10}},"branchMap":{},"s":{"0":1,"1":1,"2":1,"3":1},"f":{"0":1,"1":1},"b":{},"_coverageSchema":"1a1c01bbd47fc00a2c39e90264f33305004495a9","hash":"d2ceaaf2869c2bc8b9b3c0f871ae08056061f7f4"}
,"C:\\Users\\asus\\tugasFase3\\anon\\server\\models\\index.js": {"path":"C:\\Users\\asus\\tugasFase3\\anon\\server\\models\\index.js","statementMap":{"0":{"start":{"line":3,"column":11},"end":{"line":3,"column":24}},"1":{"start":{"line":4,"column":13},"end":{"line":4,"column":28}},"2":{"start":{"line":5,"column":18},"end":{"line":5,"column":38}},"3":{"start":{"line":6,"column":17},"end":{"line":6,"column":42}},"4":{"start":{"line":7,"column":12},"end":{"line":7,"column":49}},"5":{"start":{"line":8,"column":15},"end":{"line":8,"column":65}},"6":{"start":{"line":9,"column":11},"end":{"line":9,"column":13}},"7":{"start":{"line":12,"column":0},"end":{"line":16,"column":1}},"8":{"start":{"line":13,"column":2},"end":{"line":13,"column":74}},"9":{"start":{"line":15,"column":2},"end":{"line":15,"column":87}},"10":{"start":{"line":18,"column":0},"end":{"line":26,"column":5}},"11":{"start":{"line":21,"column":4},"end":{"line":21,"column":90}},"12":{"start":{"line":24,"column":18},"end":{"line":24,"column":85}},"13":{"start":{"line":25,"column":4},"end":{"line":25,"column":27}},"14":{"start":{"line":28,"column":0},"end":{"line":32,"column":3}},"15":{"start":{"line":29,"column":2},"end":{"line":31,"column":3}},"16":{"start":{"line":30,"column":4},"end":{"line":30,"column":32}},"17":{"start":{"line":34,"column":0},"end":{"line":34,"column":25}},"18":{"start":{"line":35,"column":0},"end":{"line":35,"column":25}},"19":{"start":{"line":37,"column":0},"end":{"line":37,"column":20}}},"fnMap":{"0":{"name":"(anonymous_0)","decl":{"start":{"line":20,"column":10},"end":{"line":20,"column":11}},"loc":{"start":{"line":20,"column":18},"end":{"line":22,"column":3}},"line":20},"1":{"name":"(anonymous_1)","decl":{"start":{"line":23,"column":11},"end":{"line":23,"column":12}},"loc":{"start":{"line":23,"column":19},"end":{"line":26,"column":3}},"line":23},"2":{"name":"(anonymous_2)","decl":{"start":{"line":28,"column":24},"end":{"line":28,"column":25}},"loc":{"start":{"line":28,"column":37},"end":{"line":32,"column":1}},"line":28}},"branchMap":{"0":{"loc":{"start":{"line":7,"column":12},"end":{"line":7,"column":49}},"type":"binary-expr","locations":[{"start":{"line":7,"column":12},"end":{"line":7,"column":32}},{"start":{"line":7,"column":36},"end":{"line":7,"column":49}}],"line":7},"1":{"loc":{"start":{"line":12,"column":0},"end":{"line":16,"column":1}},"type":"if","locations":[{"start":{"line":12,"column":0},"end":{"line":16,"column":1}},{"start":{"line":14,"column":7},"end":{"line":16,"column":1}}],"line":12},"2":{"loc":{"start":{"line":21,"column":11},"end":{"line":21,"column":89}},"type":"binary-expr","locations":[{"start":{"line":21,"column":12},"end":{"line":21,"column":35}},{"start":{"line":21,"column":41},"end":{"line":21,"column":58}},{"start":{"line":21,"column":64},"end":{"line":21,"column":88}}],"line":21},"3":{"loc":{"start":{"line":29,"column":2},"end":{"line":31,"column":3}},"type":"if","locations":[{"start":{"line":29,"column":2},"end":{"line":31,"column":3}},{"start":{},"end":{}}],"line":29}},"s":{"0":1,"1":1,"2":1,"3":1,"4":1,"5":1,"6":1,"7":1,"8":0,"9":1,"10":1,"11":4,"12":3,"13":3,"14":1,"15":3,"16":3,"17":1,"18":1,"19":1},"f":{"0":4,"1":3,"2":3},"b":{"0":[1,0],"1":[0,1],"2":[4,4,3],"3":[3,0]},"_coverageSchema":"1a1c01bbd47fc00a2c39e90264f33305004495a9","hash":"57ab491bcd9b7adc2252d68f75998a1fa0c74113"}
,"C:\\Users\\asus\\tugasFase3\\anon\\server\\models\\transaction.js": {"path":"C:\\Users\\asus\\tugasFase3\\anon\\server\\models\\transaction.js","statementMap":{"0":{"start":{"line":4,"column":4},"end":{"line":4,"column":24}},"1":{"start":{"line":5,"column":0},"end":{"line":27,"column":2}},"2":{"start":{"line":14,"column":6},"end":{"line":14,"column":65}},"3":{"start":{"line":17,"column":2},"end":{"line":25,"column":5}},"4":{"start":{"line":26,"column":2},"end":{"line":26,"column":21}}},"fnMap":{"0":{"name":"(anonymous_0)","decl":{"start":{"line":5,"column":17},"end":{"line":5,"column":18}},"loc":{"start":{"line":5,"column":43},"end":{"line":27,"column":1}},"line":5},"1":{"name":"(anonymous_1)","decl":{"start":{"line":12,"column":4},"end":{"line":12,"column":5}},"loc":{"start":{"line":12,"column":29},"end":{"line":15,"column":5}},"line":12}},"branchMap":{},"s":{"0":1,"1":1,"2":1,"3":1,"4":1},"f":{"0":1,"1":1},"b":{},"_coverageSchema":"1a1c01bbd47fc00a2c39e90264f33305004495a9","hash":"e4b4502218f2f8f27fbfe143dcbd8c449d9ba4f2"}
,"C:\\Users\\asus\\tugasFase3\\anon\\server\\models\\user.js": {"path":"C:\\Users\\asus\\tugasFase3\\anon\\server\\models\\user.js","statementMap":{"0":{"start":{"line":2,"column":27},"end":{"line":2,"column":54}},"1":{"start":{"line":6,"column":4},"end":{"line":6,"column":24}},"2":{"start":{"line":7,"column":0},"end":{"line":69,"column":2}},"3":{"start":{"line":17,"column":6},"end":{"line":17,"column":63}},"4":{"start":{"line":20,"column":2},"end":{"line":63,"column":5}},"5":{"start":{"line":65,"column":2},"end":{"line":67,"column":4}},"6":{"start":{"line":66,"column":4},"end":{"line":66,"column":59}},"7":{"start":{"line":68,"column":2},"end":{"line":68,"column":14}}},"fnMap":{"0":{"name":"(anonymous_0)","decl":{"start":{"line":7,"column":17},"end":{"line":7,"column":18}},"loc":{"start":{"line":7,"column":43},"end":{"line":69,"column":1}},"line":7},"1":{"name":"(anonymous_1)","decl":{"start":{"line":14,"column":4},"end":{"line":14,"column":5}},"loc":{"start":{"line":14,"column":29},"end":{"line":18,"column":5}},"line":14},"2":{"name":"(anonymous_2)","decl":{"start":{"line":65,"column":20},"end":{"line":65,"column":21}},"loc":{"start":{"line":65,"column":44},"end":{"line":67,"column":3}},"line":65}},"branchMap":{},"s":{"0":1,"1":1,"2":1,"3":1,"4":1,"5":1,"6":1,"7":1},"f":{"0":1,"1":1,"2":1},"b":{},"_coverageSchema":"1a1c01bbd47fc00a2c39e90264f33305004495a9","hash":"4026efbc069bcaa72eed82899a9109a7096bf48c"}
,"C:\\Users\\asus\\tugasFase3\\anon\\server\\routes\\hiss.js": {"path":"C:\\Users\\asus\\tugasFase3\\anon\\server\\routes\\hiss.js","statementMap":{"0":{"start":{"line":1,"column":15},"end":{"line":1,"column":42}},"1":{"start":{"line":3,"column":24},"end":{"line":3,"column":54}},"2":{"start":{"line":4,"column":42},"end":{"line":4,"column":72}},"3":{"start":{"line":6,"column":0},"end":{"line":6,"column":26}},"4":{"start":{"line":7,"column":0},"end":{"line":7,"column":45}},"5":{"start":{"line":8,"column":0},"end":{"line":8,"column":44}},"6":{"start":{"line":9,"column":0},"end":{"line":9,"column":63}},"7":{"start":{"line":10,"column":0},"end":{"line":10,"column":62}},"8":{"start":{"line":11,"column":0},"end":{"line":11,"column":68}},"9":{"start":{"line":12,"column":0},"end":{"line":12,"column":65}},"10":{"start":{"line":14,"column":0},"end":{"line":14,"column":24}}},"fnMap":{},"branchMap":{},"s":{"0":1,"1":1,"2":1,"3":1,"4":1,"5":1,"6":1,"7":1,"8":1,"9":1,"10":1},"f":{},"b":{},"_coverageSchema":"1a1c01bbd47fc00a2c39e90264f33305004495a9","hash":"de9ad42e2c428a55186df73a7b94e969d33878f4"}
,"C:\\Users\\asus\\tugasFase3\\anon\\server\\routes\\index.js": {"path":"C:\\Users\\asus\\tugasFase3\\anon\\server\\routes\\index.js","statementMap":{"0":{"start":{"line":1,"column":15},"end":{"line":1,"column":42}},"1":{"start":{"line":2,"column":19},"end":{"line":2,"column":36}},"2":{"start":{"line":3,"column":26},"end":{"line":3,"column":50}},"3":{"start":{"line":4,"column":19},"end":{"line":4,"column":39}},"4":{"start":{"line":6,"column":0},"end":{"line":6,"column":31}},"5":{"start":{"line":7,"column":0},"end":{"line":7,"column":34}},"6":{"start":{"line":8,"column":0},"end":{"line":8,"column":45}},"7":{"start":{"line":10,"column":0},"end":{"line":10,"column":24}}},"fnMap":{},"branchMap":{},"s":{"0":1,"1":1,"2":1,"3":1,"4":1,"5":1,"6":1,"7":1},"f":{},"b":{},"_coverageSchema":"1a1c01bbd47fc00a2c39e90264f33305004495a9","hash":"d9a91a1f8a0d2f4dc5f6cd807c0108be01ae4fe9"}
,"C:\\Users\\asus\\tugasFase3\\anon\\server\\routes\\transaction.js": {"path":"C:\\Users\\asus\\tugasFase3\\anon\\server\\routes\\transaction.js","statementMap":{"0":{"start":{"line":1,"column":15},"end":{"line":1,"column":42}},"1":{"start":{"line":2,"column":27},"end":{"line":2,"column":57}},"2":{"start":{"line":3,"column":30},"end":{"line":3,"column":77}},"3":{"start":{"line":6,"column":0},"end":{"line":6,"column":57}},"4":{"start":{"line":8,"column":0},"end":{"line":8,"column":26}},"5":{"start":{"line":9,"column":0},"end":{"line":9,"column":66}},"6":{"start":{"line":10,"column":0},"end":{"line":10,"column":55}},"7":{"start":{"line":12,"column":0},"end":{"line":12,"column":24}}},"fnMap":{},"branchMap":{},"s":{"0":1,"1":1,"2":1,"3":1,"4":1,"5":1,"6":1,"7":1},"f":{},"b":{},"_coverageSchema":"1a1c01bbd47fc00a2c39e90264f33305004495a9","hash":"ca247a7fc1e754d95f301bf02ead8aace321fb83"}
,"C:\\Users\\asus\\tugasFase3\\anon\\server\\routes\\user.js": {"path":"C:\\Users\\asus\\tugasFase3\\anon\\server\\routes\\user.js","statementMap":{"0":{"start":{"line":1,"column":15},"end":{"line":1,"column":42}},"1":{"start":{"line":2,"column":23},"end":{"line":2,"column":63}},"2":{"start":{"line":3,"column":27},"end":{"line":3,"column":57}},"3":{"start":{"line":5,"column":0},"end":{"line":5,"column":49}},"4":{"start":{"line":6,"column":0},"end":{"line":6,"column":43}},"5":{"start":{"line":8,"column":0},"end":{"line":8,"column":26}},"6":{"start":{"line":9,"column":0},"end":{"line":9,"column":49}},"7":{"start":{"line":11,"column":0},"end":{"line":11,"column":53}},"8":{"start":{"line":13,"column":0},"end":{"line":13,"column":22}}},"fnMap":{},"branchMap":{},"s":{"0":1,"1":1,"2":1,"3":1,"4":1,"5":1,"6":1,"7":1,"8":1},"f":{},"b":{},"_coverageSchema":"1a1c01bbd47fc00a2c39e90264f33305004495a9","hash":"9392eb95038b87ac5b05aa708358ff8fc619af16"}
}
