{"C:\\Users\\asus\\tugasFase3\\anon\\server\\app.js": {"path":"C:\\Users\\asus\\tugasFase3\\anon\\server\\app.js","statementMap":{"0":{"start":{"line":1,"column":0},"end":{"line":1,"column":69}},"1":{"start":{"line":1,"column":42},"end":{"line":1,"column":69}},"2":{"start":{"line":2,"column":16},"end":{"line":2,"column":34}},"3":{"start":{"line":3,"column":12},"end":{"line":3,"column":21}},"4":{"start":{"line":4,"column":15},"end":{"line":4,"column":48}},"5":{"start":{"line":5,"column":13},"end":{"line":5,"column":17}},"6":{"start":{"line":6,"column":15},"end":{"line":6,"column":34}},"7":{"start":{"line":7,"column":13},"end":{"line":7,"column":28}},"8":{"start":{"line":8,"column":19},"end":{"line":8,"column":54}},"9":{"start":{"line":11,"column":0},"end":{"line":11,"column":15}},"10":{"start":{"line":12,"column":0},"end":{"line":12,"column":23}},"11":{"start":{"line":13,"column":0},"end":{"line":13,"column":47}},"12":{"start":{"line":15,"column":0},"end":{"line":15,"column":16}},"13":{"start":{"line":16,"column":0},"end":{"line":16,"column":19}},"14":{"start":{"line":17,"column":0},"end":{"line":23,"column":1}},"15":{"start":{"line":17,"column":36},"end":{"line":17,"column":56}}},"fnMap":{},"branchMap":{"0":{"loc":{"start":{"line":1,"column":0},"end":{"line":1,"column":69}},"type":"if","locations":[{"start":{"line":1,"column":0},"end":{"line":1,"column":69}},{"start":{},"end":{}}],"line":1},"1":{"loc":{"start":{"line":17,"column":0},"end":{"line":23,"column":1}},"type":"if","locations":[{"start":{"line":17,"column":0},"end":{"line":23,"column":1}},{"start":{"line":18,"column":5},"end":{"line":23,"column":1}}],"line":17}},"s":{"0":1,"1":1,"2":1,"3":1,"4":1,"5":1,"6":1,"7":1,"8":1,"9":1,"10":1,"11":1,"12":1,"13":1,"14":1,"15":1},"f":{},"b":{"0":[1,0],"1":[1,0]},"_coverageSchema":"1a1c01bbd47fc00a2c39e90264f33305004495a9","hash":"296dfa49d2de979dcd30e0b4cdaef50290e8d85a"}
,"C:\\Users\\asus\\tugasFase3\\anon\\server\\controllers\\LikeController.js": {"path":"C:\\Users\\asus\\tugasFase3\\anon\\server\\controllers\\LikeController.js","statementMap":{"0":{"start":{"line":1,"column":17},"end":{"line":1,"column":37}},"1":{"start":{"line":6,"column":4},"end":{"line":30,"column":9}},"2":{"start":{"line":13,"column":8},"end":{"line":27,"column":9}},"3":{"start":{"line":14,"column":22},"end":{"line":17,"column":11}},"4":{"start":{"line":18,"column":10},"end":{"line":24,"column":15}},"5":{"start":{"line":20,"column":14},"end":{"line":20,"column":63}},"6":{"start":{"line":26,"column":10},"end":{"line":26,"column":43}},"7":{"start":{"line":29,"column":8},"end":{"line":29,"column":17}},"8":{"start":{"line":34,"column":0},"end":{"line":34,"column":31}}},"fnMap":{"0":{"name":"(anonymous_0)","decl":{"start":{"line":4,"column":2},"end":{"line":4,"column":3}},"loc":{"start":{"line":4,"column":34},"end":{"line":31,"column":3}},"line":4},"1":{"name":"(anonymous_1)","decl":{"start":{"line":12,"column":12},"end":{"line":12,"column":13}},"loc":{"start":{"line":12,"column":24},"end":{"line":28,"column":7}},"line":12},"2":{"name":"(anonymous_2)","decl":{"start":{"line":19,"column":18},"end":{"line":19,"column":19}},"loc":{"start":{"line":19,"column":30},"end":{"line":21,"column":13}},"line":19},"3":{"name":"(anonymous_3)","decl":{"start":{"line":21,"column":21},"end":{"line":21,"column":22}},"loc":{"start":{"line":21,"column":30},"end":{"line":24,"column":13}},"line":21},"4":{"name":"(anonymous_4)","decl":{"start":{"line":28,"column":15},"end":{"line":28,"column":16}},"loc":{"start":{"line":28,"column":24},"end":{"line":30,"column":7}},"line":28}},"branchMap":{"0":{"loc":{"start":{"line":13,"column":8},"end":{"line":27,"column":9}},"type":"if","locations":[{"start":{"line":13,"column":8},"end":{"line":27,"column":9}},{"start":{"line":25,"column":15},"end":{"line":27,"column":9}}],"line":13}},"s":{"0":1,"1":2,"2":2,"3":1,"4":1,"5":1,"6":1,"7":1,"8":1},"f":{"0":2,"1":2,"2":1,"3":0,"4":1},"b":{"0":[1,1]},"_coverageSchema":"1a1c01bbd47fc00a2c39e90264f33305004495a9","hash":"5474655427b46528cb3a80e4dddf3c2e07325d19"}
,"C:\\Users\\asus\\tugasFase3\\anon\\server\\controllers\\TransactionController.js": {"path":"C:\\Users\\asus\\tugasFase3\\anon\\server\\controllers\\TransactionController.js","statementMap":{"0":{"start":{"line":1,"column":30},"end":{"line":1,"column":50}},"1":{"start":{"line":2,"column":23},"end":{"line":2,"column":49}},"2":{"start":{"line":3,"column":23},"end":{"line":3,"column":50}},"3":{"start":{"line":5,"column":11},"end":{"line":9,"column":2}},"4":{"start":{"line":45,"column":17},"end":{"line":45,"column":56}},"5":{"start":{"line":47,"column":4},"end":{"line":106,"column":9}},"6":{"start":{"line":53,"column":8},"end":{"line":101,"column":9}},"7":{"start":{"line":54,"column":22},"end":{"line":59,"column":11}},"8":{"start":{"line":60,"column":10},"end":{"line":67,"column":15}},"9":{"start":{"line":62,"column":14},"end":{"line":62,"column":43}},"10":{"start":{"line":69,"column":22},"end":{"line":71,"column":11}},"11":{"start":{"line":72,"column":10},"end":{"line":100,"column":15}},"12":{"start":{"line":78,"column":14},"end":{"line":96,"column":61}},"13":{"start":{"line":79,"column":27},"end":{"line":79,"column":33}},"14":{"start":{"line":80,"column":31},"end":{"line":80,"column":60}},"15":{"start":{"line":82,"column":16},"end":{"line":95,"column":21}},"16":{"start":{"line":89,"column":20},"end":{"line":91,"column":23}},"17":{"start":{"line":94,"column":20},"end":{"line":94,"column":30}},"18":{"start":{"line":96,"column":21},"end":{"line":96,"column":61}},"19":{"start":{"line":99,"column":14},"end":{"line":99,"column":24}},"20":{"start":{"line":110,"column":4},"end":{"line":122,"column":9}},"21":{"start":{"line":117,"column":8},"end":{"line":117,"column":37}},"22":{"start":{"line":126,"column":0},"end":{"line":126,"column":28}}},"fnMap":{"0":{"name":"(anonymous_0)","decl":{"start":{"line":43,"column":2},"end":{"line":43,"column":3}},"loc":{"start":{"line":43,"column":49},"end":{"line":107,"column":3}},"line":43},"1":{"name":"(anonymous_1)","decl":{"start":{"line":52,"column":12},"end":{"line":52,"column":13}},"loc":{"start":{"line":52,"column":24},"end":{"line":102,"column":7}},"line":52},"2":{"name":"(anonymous_2)","decl":{"start":{"line":61,"column":18},"end":{"line":61,"column":19}},"loc":{"start":{"line":61,"column":30},"end":{"line":63,"column":13}},"line":61},"3":{"name":"(anonymous_3)","decl":{"start":{"line":64,"column":19},"end":{"line":64,"column":20}},"loc":{"start":{"line":64,"column":28},"end":{"line":67,"column":13}},"line":64},"4":{"name":"(anonymous_4)","decl":{"start":{"line":77,"column":18},"end":{"line":77,"column":19}},"loc":{"start":{"line":77,"column":30},"end":{"line":97,"column":13}},"line":77},"5":{"name":"(anonymous_5)","decl":{"start":{"line":88,"column":24},"end":{"line":88,"column":25}},"loc":{"start":{"line":88,"column":30},"end":{"line":92,"column":19}},"line":88},"6":{"name":"(anonymous_6)","decl":{"start":{"line":93,"column":25},"end":{"line":93,"column":26}},"loc":{"start":{"line":93,"column":34},"end":{"line":95,"column":19}},"line":93},"7":{"name":"(anonymous_7)","decl":{"start":{"line":98,"column":19},"end":{"line":98,"column":20}},"loc":{"start":{"line":98,"column":28},"end":{"line":100,"column":13}},"line":98},"8":{"name":"(anonymous_8)","decl":{"start":{"line":103,"column":13},"end":{"line":103,"column":14}},"loc":{"start":{"line":103,"column":22},"end":{"line":106,"column":7}},"line":103},"9":{"name":"(anonymous_9)","decl":{"start":{"line":109,"column":2},"end":{"line":109,"column":3}},"loc":{"start":{"line":109,"column":42},"end":{"line":123,"column":3}},"line":109},"10":{"name":"(anonymous_10)","decl":{"start":{"line":116,"column":12},"end":{"line":116,"column":13}},"loc":{"start":{"line":116,"column":24},"end":{"line":118,"column":7}},"line":116},"11":{"name":"(anonymous_11)","decl":{"start":{"line":119,"column":13},"end":{"line":119,"column":14}},"loc":{"start":{"line":119,"column":22},"end":{"line":122,"column":7}},"line":119}},"branchMap":{"0":{"loc":{"start":{"line":53,"column":8},"end":{"line":101,"column":9}},"type":"if","locations":[{"start":{"line":53,"column":8},"end":{"line":101,"column":9}},{"start":{"line":68,"column":15},"end":{"line":101,"column":9}}],"line":53},"1":{"loc":{"start":{"line":78,"column":14},"end":{"line":96,"column":61}},"type":"if","locations":[{"start":{"line":78,"column":14},"end":{"line":96,"column":61}},{"start":{"line":96,"column":21},"end":{"line":96,"column":61}}],"line":78}},"s":{"0":1,"1":1,"2":1,"3":1,"4":4,"5":4,"6":4,"7":1,"8":1,"9":1,"10":3,"11":3,"12":3,"13":2,"14":2,"15":2,"16":1,"17":1,"18":1,"19":1,"20":1,"21":1,"22":1},"f":{"0":4,"1":4,"2":1,"3":0,"4":3,"5":1,"6":1,"7":1,"8":0,"9":1,"10":1,"11":0},"b":{"0":[1,3],"1":[2,1]},"_coverageSchema":"1a1c01bbd47fc00a2c39e90264f33305004495a9","hash":"4f257b5cf7a34509aca9cb2d142c269cd7ca1d68"}
,"C:\\Users\\asus\\tugasFase3\\anon\\server\\controllers\\UserController.js": {"path":"C:\\Users\\asus\\tugasFase3\\anon\\server\\controllers\\UserController.js","statementMap":{"0":{"start":{"line":1,"column":17},"end":{"line":1,"column":37}},"1":{"start":{"line":2,"column":44},"end":{"line":2,"column":71}},"2":{"start":{"line":6,"column":19},"end":{"line":6,"column":52}},"3":{"start":{"line":7,"column":42},"end":{"line":7,"column":50}},"4":{"start":{"line":8,"column":4},"end":{"line":25,"column":5}},"5":{"start":{"line":9,"column":19},"end":{"line":15,"column":8}},"6":{"start":{"line":16,"column":6},"end":{"line":22,"column":8}},"7":{"start":{"line":24,"column":6},"end":{"line":24,"column":17}},"8":{"start":{"line":29,"column":35},"end":{"line":29,"column":43}},"9":{"start":{"line":30,"column":4},"end":{"line":56,"column":5}},"10":{"start":{"line":31,"column":19},"end":{"line":35,"column":8}},"11":{"start":{"line":36,"column":6},"end":{"line":36,"column":57}},"12":{"start":{"line":36,"column":17},"end":{"line":36,"column":57}},"13":{"start":{"line":37,"column":24},"end":{"line":37,"column":64}},"14":{"start":{"line":39,"column":6},"end":{"line":39,"column":54}},"15":{"start":{"line":39,"column":22},"end":{"line":39,"column":54}},"16":{"start":{"line":40,"column":27},"end":{"line":43,"column":8}},"17":{"start":{"line":45,"column":6},"end":{"line":52,"column":8}},"18":{"start":{"line":54,"column":6},"end":{"line":54,"column":25}},"19":{"start":{"line":55,"column":6},"end":{"line":55,"column":17}},"20":{"start":{"line":60,"column":19},"end":{"line":60,"column":52}},"21":{"start":{"line":61,"column":19},"end":{"line":61,"column":56}},"22":{"start":{"line":62,"column":18},"end":{"line":62,"column":22}},"23":{"start":{"line":64,"column":4},"end":{"line":106,"column":9}},"24":{"start":{"line":70,"column":8},"end":{"line":102,"column":9}},"25":{"start":{"line":71,"column":10},"end":{"line":71,"column":66}},"26":{"start":{"line":73,"column":10},"end":{"line":101,"column":15}},"27":{"start":{"line":80,"column":14},"end":{"line":97,"column":19}},"28":{"start":{"line":87,"column":18},"end":{"line":93,"column":20}},"29":{"start":{"line":112,"column":4},"end":{"line":123,"column":9}},"30":{"start":{"line":119,"column":8},"end":{"line":119,"column":36}},"31":{"start":{"line":127,"column":0},"end":{"line":127,"column":31}}},"fnMap":{"0":{"name":"(anonymous_0)","decl":{"start":{"line":5,"column":2},"end":{"line":5,"column":3}},"loc":{"start":{"line":5,"column":40},"end":{"line":26,"column":3}},"line":5},"1":{"name":"(anonymous_1)","decl":{"start":{"line":28,"column":2},"end":{"line":28,"column":3}},"loc":{"start":{"line":28,"column":37},"end":{"line":57,"column":3}},"line":28},"2":{"name":"(anonymous_2)","decl":{"start":{"line":59,"column":2},"end":{"line":59,"column":3}},"loc":{"start":{"line":59,"column":32},"end":{"line":109,"column":3}},"line":59},"3":{"name":"(anonymous_3)","decl":{"start":{"line":69,"column":12},"end":{"line":69,"column":13}},"loc":{"start":{"line":69,"column":28},"end":{"line":103,"column":7}},"line":69},"4":{"name":"(anonymous_4)","decl":{"start":{"line":79,"column":18},"end":{"line":79,"column":19}},"loc":{"start":{"line":79,"column":30},"end":{"line":98,"column":13}},"line":79},"5":{"name":"(anonymous_5)","decl":{"start":{"line":86,"column":22},"end":{"line":86,"column":23}},"loc":{"start":{"line":86,"column":32},"end":{"line":94,"column":17}},"line":86},"6":{"name":"(anonymous_6)","decl":{"start":{"line":94,"column":25},"end":{"line":94,"column":26}},"loc":{"start":{"line":94,"column":34},"end":{"line":97,"column":17}},"line":94},"7":{"name":"(anonymous_7)","decl":{"start":{"line":98,"column":21},"end":{"line":98,"column":22}},"loc":{"start":{"line":98,"column":30},"end":{"line":101,"column":13}},"line":98},"8":{"name":"(anonymous_8)","decl":{"start":{"line":103,"column":15},"end":{"line":103,"column":16}},"loc":{"start":{"line":103,"column":24},"end":{"line":106,"column":7}},"line":103},"9":{"name":"(anonymous_9)","decl":{"start":{"line":111,"column":2},"end":{"line":111,"column":3}},"loc":{"start":{"line":111,"column":40},"end":{"line":124,"column":3}},"line":111},"10":{"name":"(anonymous_10)","decl":{"start":{"line":118,"column":12},"end":{"line":118,"column":13}},"loc":{"start":{"line":118,"column":24},"end":{"line":120,"column":7}},"line":118},"11":{"name":"(anonymous_11)","decl":{"start":{"line":120,"column":15},"end":{"line":120,"column":16}},"loc":{"start":{"line":120,"column":24},"end":{"line":123,"column":7}},"line":120}},"branchMap":{"0":{"loc":{"start":{"line":36,"column":6},"end":{"line":36,"column":57}},"type":"if","locations":[{"start":{"line":36,"column":6},"end":{"line":36,"column":57}},{"start":{},"end":{}}],"line":36},"1":{"loc":{"start":{"line":39,"column":6},"end":{"line":39,"column":54}},"type":"if","locations":[{"start":{"line":39,"column":6},"end":{"line":39,"column":54}},{"start":{},"end":{}}],"line":39},"2":{"loc":{"start":{"line":70,"column":8},"end":{"line":102,"column":9}},"type":"if","locations":[{"start":{"line":70,"column":8},"end":{"line":102,"column":9}},{"start":{"line":72,"column":15},"end":{"line":102,"column":9}}],"line":70}},"s":{"0":1,"1":1,"2":2,"3":2,"4":2,"5":2,"6":1,"7":1,"8":3,"9":3,"10":3,"11":3,"12":1,"13":2,"14":2,"15":1,"16":1,"17":1,"18":2,"19":2,"20":2,"21":2,"22":2,"23":2,"24":2,"25":1,"26":1,"27":1,"28":1,"29":1,"30":1,"31":1},"f":{"0":2,"1":3,"2":2,"3":2,"4":1,"5":1,"6":0,"7":0,"8":0,"9":1,"10":1,"11":0},"b":{"0":[1,2],"1":[1,1],"2":[1,1]},"_coverageSchema":"1a1c01bbd47fc00a2c39e90264f33305004495a9","hash":"a7b6537bd993fa71d585f13a0812bfe8d4b46a4f"}
,"C:\\Users\\asus\\tugasFase3\\anon\\server\\controllers\\hiss.js": {"path":"C:\\Users\\asus\\tugasFase3\\anon\\server\\controllers\\hiss.js","statementMap":{"0":{"start":{"line":1,"column":29},"end":{"line":1,"column":49}},"1":{"start":{"line":6,"column":18},"end":{"line":11,"column":5}},"2":{"start":{"line":12,"column":4},"end":{"line":16,"column":9}},"3":{"start":{"line":13,"column":22},"end":{"line":13,"column":48}},"4":{"start":{"line":15,"column":8},"end":{"line":15,"column":19}},"5":{"start":{"line":20,"column":4},"end":{"line":39,"column":9}},"6":{"start":{"line":35,"column":24},"end":{"line":35,"column":52}},"7":{"start":{"line":43,"column":4},"end":{"line":49,"column":9}},"8":{"start":{"line":44,"column":22},"end":{"line":44,"column":48}},"9":{"start":{"line":53,"column":15},"end":{"line":53,"column":29}},"10":{"start":{"line":55,"column":4},"end":{"line":77,"column":9}},"11":{"start":{"line":65,"column":8},"end":{"line":71,"column":9}},"12":{"start":{"line":66,"column":39},"end":{"line":66,"column":49}},"13":{"start":{"line":67,"column":10},"end":{"line":67,"column":60}},"14":{"start":{"line":81,"column":15},"end":{"line":81,"column":29}},"15":{"start":{"line":82,"column":4},"end":{"line":103,"column":9}},"16":{"start":{"line":92,"column":8},"end":{"line":99,"column":9}},"17":{"start":{"line":93,"column":35},"end":{"line":93,"column":45}},"18":{"start":{"line":95,"column":10},"end":{"line":95,"column":56}},"19":{"start":{"line":102,"column":8},"end":{"line":102,"column":19}},"20":{"start":{"line":107,"column":15},"end":{"line":107,"column":29}},"21":{"start":{"line":109,"column":4},"end":{"line":141,"column":9}},"22":{"start":{"line":116,"column":8},"end":{"line":135,"column":13}},"23":{"start":{"line":121,"column":12},"end":{"line":129,"column":13}},"24":{"start":{"line":122,"column":14},"end":{"line":124,"column":17}},"25":{"start":{"line":145,"column":0},"end":{"line":145,"column":32}}},"fnMap":{"0":{"name":"(anonymous_0)","decl":{"start":{"line":4,"column":2},"end":{"line":4,"column":3}},"loc":{"start":{"line":4,"column":36},"end":{"line":17,"column":3}},"line":4},"1":{"name":"(anonymous_1)","decl":{"start":{"line":13,"column":12},"end":{"line":13,"column":13}},"loc":{"start":{"line":13,"column":22},"end":{"line":13,"column":48}},"line":13},"2":{"name":"(anonymous_2)","decl":{"start":{"line":14,"column":13},"end":{"line":14,"column":14}},"loc":{"start":{"line":14,"column":24},"end":{"line":16,"column":7}},"line":14},"3":{"name":"(anonymous_3)","decl":{"start":{"line":19,"column":2},"end":{"line":19,"column":3}},"loc":{"start":{"line":19,"column":36},"end":{"line":40,"column":3}},"line":19},"4":{"name":"(anonymous_4)","decl":{"start":{"line":35,"column":12},"end":{"line":35,"column":13}},"loc":{"start":{"line":35,"column":24},"end":{"line":35,"column":52}},"line":35},"5":{"name":"(anonymous_5)","decl":{"start":{"line":36,"column":13},"end":{"line":36,"column":14}},"loc":{"start":{"line":36,"column":24},"end":{"line":39,"column":7}},"line":36},"6":{"name":"(anonymous_6)","decl":{"start":{"line":42,"column":2},"end":{"line":42,"column":3}},"loc":{"start":{"line":42,"column":37},"end":{"line":50,"column":3}},"line":42},"7":{"name":"(anonymous_7)","decl":{"start":{"line":44,"column":12},"end":{"line":44,"column":13}},"loc":{"start":{"line":44,"column":22},"end":{"line":44,"column":48}},"line":44},"8":{"name":"(anonymous_8)","decl":{"start":{"line":45,"column":13},"end":{"line":45,"column":14}},"loc":{"start":{"line":45,"column":24},"end":{"line":49,"column":7}},"line":45},"9":{"name":"(anonymous_9)","decl":{"start":{"line":52,"column":2},"end":{"line":52,"column":3}},"loc":{"start":{"line":52,"column":40},"end":{"line":78,"column":3}},"line":52},"10":{"name":"(anonymous_10)","decl":{"start":{"line":64,"column":12},"end":{"line":64,"column":13}},"loc":{"start":{"line":64,"column":22},"end":{"line":72,"column":7}},"line":64},"11":{"name":"(anonymous_11)","decl":{"start":{"line":73,"column":13},"end":{"line":73,"column":14}},"loc":{"start":{"line":73,"column":24},"end":{"line":77,"column":7}},"line":73},"12":{"name":"(anonymous_12)","decl":{"start":{"line":80,"column":2},"end":{"line":80,"column":3}},"loc":{"start":{"line":80,"column":36},"end":{"line":104,"column":3}},"line":80},"13":{"name":"(anonymous_13)","decl":{"start":{"line":91,"column":12},"end":{"line":91,"column":13}},"loc":{"start":{"line":91,"column":22},"end":{"line":100,"column":7}},"line":91},"14":{"name":"(anonymous_14)","decl":{"start":{"line":101,"column":13},"end":{"line":101,"column":14}},"loc":{"start":{"line":101,"column":24},"end":{"line":103,"column":7}},"line":101},"15":{"name":"(anonymous_15)","decl":{"start":{"line":106,"column":2},"end":{"line":106,"column":3}},"loc":{"start":{"line":106,"column":36},"end":{"line":142,"column":3}},"line":106},"16":{"name":"(anonymous_16)","decl":{"start":{"line":115,"column":12},"end":{"line":115,"column":13}},"loc":{"start":{"line":115,"column":24},"end":{"line":136,"column":7}},"line":115},"17":{"name":"(anonymous_17)","decl":{"start":{"line":120,"column":16},"end":{"line":120,"column":17}},"loc":{"start":{"line":120,"column":26},"end":{"line":130,"column":11}},"line":120},"18":{"name":"(anonymous_18)","decl":{"start":{"line":131,"column":17},"end":{"line":131,"column":18}},"loc":{"start":{"line":131,"column":28},"end":{"line":135,"column":11}},"line":131},"19":{"name":"(anonymous_19)","decl":{"start":{"line":137,"column":13},"end":{"line":137,"column":14}},"loc":{"start":{"line":137,"column":22},"end":{"line":141,"column":7}},"line":137}},"branchMap":{"0":{"loc":{"start":{"line":8,"column":17},"end":{"line":8,"column":38}},"type":"binary-expr","locations":[{"start":{"line":8,"column":17},"end":{"line":8,"column":30}},{"start":{"line":8,"column":34},"end":{"line":8,"column":38}}],"line":8},"1":{"loc":{"start":{"line":65,"column":8},"end":{"line":71,"column":9}},"type":"if","locations":[{"start":{"line":65,"column":8},"end":{"line":71,"column":9}},{"start":{"line":68,"column":15},"end":{"line":71,"column":9}}],"line":65},"2":{"loc":{"start":{"line":92,"column":8},"end":{"line":99,"column":9}},"type":"if","locations":[{"start":{"line":92,"column":8},"end":{"line":99,"column":9}},{"start":{"line":96,"column":15},"end":{"line":99,"column":9}}],"line":92},"3":{"loc":{"start":{"line":121,"column":12},"end":{"line":129,"column":13}},"type":"if","locations":[{"start":{"line":121,"column":12},"end":{"line":129,"column":13}},{"start":{"line":125,"column":19},"end":{"line":129,"column":13}}],"line":121}},"s":{"0":1,"1":2,"2":2,"3":1,"4":1,"5":1,"6":1,"7":1,"8":1,"9":1,"10":1,"11":1,"12":1,"13":1,"14":2,"15":2,"16":1,"17":1,"18":1,"19":1,"20":1,"21":1,"22":1,"23":1,"24":1,"25":1},"f":{"0":2,"1":1,"2":1,"3":1,"4":1,"5":0,"6":1,"7":1,"8":0,"9":1,"10":1,"11":0,"12":2,"13":1,"14":1,"15":1,"16":1,"17":1,"18":0,"19":0},"b":{"0":[2,2],"1":[1,0],"2":[1,0],"3":[1,0]},"_coverageSchema":"1a1c01bbd47fc00a2c39e90264f33305004495a9","hash":"2d7dd0e3318a7cd82eeb3ef1e402f5c5953bd9f9"}
,"C:\\Users\\asus\\tugasFase3\\anon\\server\\helpers\\index.js": {"path":"C:\\Users\\asus\\tugasFase3\\anon\\server\\helpers\\index.js","statementMap":{"0":{"start":{"line":1,"column":15},"end":{"line":1,"column":32}},"1":{"start":{"line":2,"column":12},"end":{"line":2,"column":35}},"2":{"start":{"line":3,"column":20},"end":{"line":3,"column":43}},"3":{"start":{"line":6,"column":15},"end":{"line":6,"column":37}},"4":{"start":{"line":7,"column":17},"end":{"line":7,"column":48}},"5":{"start":{"line":8,"column":2},"end":{"line":8,"column":16}},"6":{"start":{"line":12,"column":2},"end":{"line":12,"column":54}},"7":{"start":{"line":16,"column":23},"end":{"line":16,"column":53}},"8":{"start":{"line":17,"column":2},"end":{"line":17,"column":22}},"9":{"start":{"line":21,"column":24},"end":{"line":21,"column":61}},"10":{"start":{"line":22,"column":2},"end":{"line":22,"column":23}},"11":{"start":{"line":25,"column":0},"end":{"line":30,"column":2}}},"fnMap":{"0":{"name":"passwordHasher","decl":{"start":{"line":5,"column":9},"end":{"line":5,"column":23}},"loc":{"start":{"line":5,"column":34},"end":{"line":9,"column":1}},"line":5},"1":{"name":"passwordDecoder","decl":{"start":{"line":11,"column":9},"end":{"line":11,"column":24}},"loc":{"start":{"line":11,"column":51},"end":{"line":13,"column":1}},"line":11},"2":{"name":"tokenGenerator","decl":{"start":{"line":15,"column":9},"end":{"line":15,"column":23}},"loc":{"start":{"line":15,"column":33},"end":{"line":18,"column":1}},"line":15},"3":{"name":"tokenDecoder","decl":{"start":{"line":20,"column":9},"end":{"line":20,"column":21}},"loc":{"start":{"line":20,"column":36},"end":{"line":23,"column":1}},"line":20}},"branchMap":{},"s":{"0":1,"1":1,"2":1,"3":1,"4":1,"5":1,"6":2,"7":1,"8":1,"9":17,"10":17,"11":1},"f":{"0":1,"1":2,"2":1,"3":17},"b":{},"_coverageSchema":"1a1c01bbd47fc00a2c39e90264f33305004495a9","hash":"ac9227bb418182c6e74711e5165939d8e9f34c32"}
,"C:\\Users\\asus\\tugasFase3\\anon\\server\\middlewares\\auth.js": {"path":"C:\\Users\\asus\\tugasFase3\\anon\\server\\middlewares\\auth.js","statementMap":{"0":{"start":{"line":1,"column":25},"end":{"line":1,"column":46}},"1":{"start":{"line":2,"column":23},"end":{"line":2,"column":43}},"2":{"start":{"line":5,"column":27},"end":{"line":5,"column":38}},"3":{"start":{"line":7,"column":2},"end":{"line":9,"column":3}},"4":{"start":{"line":8,"column":4},"end":{"line":8,"column":41}},"5":{"start":{"line":11,"column":2},"end":{"line":33,"column":3}},"6":{"start":{"line":12,"column":24},"end":{"line":12,"column":50}},"7":{"start":{"line":14,"column":4},"end":{"line":29,"column":9}},"8":{"start":{"line":16,"column":8},"end":{"line":24,"column":9}},"9":{"start":{"line":20,"column":10},"end":{"line":22,"column":12}},"10":{"start":{"line":23,"column":10},"end":{"line":23,"column":17}},"11":{"start":{"line":37,"column":11},"end":{"line":37,"column":29}},"12":{"start":{"line":38,"column":2},"end":{"line":51,"column":30}},"13":{"start":{"line":40,"column":6},"end":{"line":49,"column":7}},"14":{"start":{"line":41,"column":8},"end":{"line":46,"column":9}},"15":{"start":{"line":42,"column":10},"end":{"line":42,"column":16}},"16":{"start":{"line":48,"column":8},"end":{"line":48,"column":37}},"17":{"start":{"line":51,"column":20},"end":{"line":51,"column":29}},"18":{"start":{"line":54,"column":0},"end":{"line":57,"column":2}}},"fnMap":{"0":{"name":"authentication","decl":{"start":{"line":4,"column":9},"end":{"line":4,"column":23}},"loc":{"start":{"line":4,"column":40},"end":{"line":34,"column":1}},"line":4},"1":{"name":"(anonymous_1)","decl":{"start":{"line":15,"column":12},"end":{"line":15,"column":13}},"loc":{"start":{"line":15,"column":22},"end":{"line":25,"column":7}},"line":15},"2":{"name":"(anonymous_2)","decl":{"start":{"line":26,"column":13},"end":{"line":26,"column":14}},"loc":{"start":{"line":26,"column":24},"end":{"line":29,"column":7}},"line":26},"3":{"name":"authorization","decl":{"start":{"line":36,"column":9},"end":{"line":36,"column":22}},"loc":{"start":{"line":36,"column":39},"end":{"line":52,"column":1}},"line":36},"4":{"name":"(anonymous_4)","decl":{"start":{"line":39,"column":10},"end":{"line":39,"column":11}},"loc":{"start":{"line":39,"column":20},"end":{"line":50,"column":5}},"line":39},"5":{"name":"(anonymous_5)","decl":{"start":{"line":51,"column":11},"end":{"line":51,"column":12}},"loc":{"start":{"line":51,"column":20},"end":{"line":51,"column":29}},"line":51}},"branchMap":{"0":{"loc":{"start":{"line":7,"column":2},"end":{"line":9,"column":3}},"type":"if","locations":[{"start":{"line":7,"column":2},"end":{"line":9,"column":3}},{"start":{},"end":{}}],"line":7},"1":{"loc":{"start":{"line":16,"column":8},"end":{"line":24,"column":9}},"type":"if","locations":[{"start":{"line":16,"column":8},"end":{"line":24,"column":9}},{"start":{"line":19,"column":15},"end":{"line":24,"column":9}}],"line":16},"2":{"loc":{"start":{"line":40,"column":6},"end":{"line":49,"column":7}},"type":"if","locations":[{"start":{"line":40,"column":6},"end":{"line":49,"column":7}},{"start":{"line":47,"column":13},"end":{"line":49,"column":7}}],"line":40},"3":{"loc":{"start":{"line":41,"column":8},"end":{"line":46,"column":9}},"type":"if","locations":[{"start":{"line":41,"column":8},"end":{"line":46,"column":9}},{"start":{"line":43,"column":15},"end":{"line":46,"column":9}}],"line":41}},"s":{"0":1,"1":1,"2":21,"3":21,"4":4,"5":17,"6":17,"7":17,"8":17,"9":17,"10":17,"11":8,"12":8,"13":8,"14":5,"15":5,"16":3,"17":3,"18":1},"f":{"0":21,"1":17,"2":0,"3":8,"4":8,"5":3},"b":{"0":[4,17],"1":[0,17],"2":[5,3],"3":[5,0]},"_coverageSchema":"1a1c01bbd47fc00a2c39e90264f33305004495a9","hash":"15567419ce621b1989691aaa01f2d675ca8fd24e"}
,"C:\\Users\\asus\\tugasFase3\\anon\\server\\middlewares\\errHandler.js": {"path":"C:\\Users\\asus\\tugasFase3\\anon\\server\\middlewares\\errHandler.js","statementMap":{"0":{"start":{"line":4,"column":14},"end":{"line":4,"column":16}},"1":{"start":{"line":5,"column":2},"end":{"line":53,"column":3}},"2":{"start":{"line":7,"column":6},"end":{"line":7,"column":22}},"3":{"start":{"line":8,"column":6},"end":{"line":8,"column":58}},"4":{"start":{"line":9,"column":6},"end":{"line":9,"column":12}},"5":{"start":{"line":11,"column":6},"end":{"line":11,"column":22}},"6":{"start":{"line":12,"column":6},"end":{"line":12,"column":34}},"7":{"start":{"line":13,"column":6},"end":{"line":13,"column":12}},"8":{"start":{"line":20,"column":6},"end":{"line":20,"column":22}},"9":{"start":{"line":21,"column":6},"end":{"line":21,"column":33}},"10":{"start":{"line":22,"column":6},"end":{"line":22,"column":12}},"11":{"start":{"line":24,"column":6},"end":{"line":24,"column":22}},"12":{"start":{"line":25,"column":6},"end":{"line":25,"column":72}},"13":{"start":{"line":26,"column":6},"end":{"line":26,"column":12}},"14":{"start":{"line":28,"column":6},"end":{"line":28,"column":22}},"15":{"start":{"line":29,"column":6},"end":{"line":29,"column":34}},"16":{"start":{"line":30,"column":6},"end":{"line":30,"column":12}},"17":{"start":{"line":32,"column":6},"end":{"line":32,"column":22}},"18":{"start":{"line":33,"column":6},"end":{"line":33,"column":47}},"19":{"start":{"line":34,"column":6},"end":{"line":34,"column":12}},"20":{"start":{"line":36,"column":6},"end":{"line":36,"column":22}},"21":{"start":{"line":37,"column":6},"end":{"line":37,"column":64}},"22":{"start":{"line":37,"column":48},"end":{"line":37,"column":58}},"23":{"start":{"line":38,"column":6},"end":{"line":38,"column":12}},"24":{"start":{"line":40,"column":6},"end":{"line":40,"column":22}},"25":{"start":{"line":41,"column":6},"end":{"line":41,"column":81}},"26":{"start":{"line":42,"column":6},"end":{"line":42,"column":12}},"27":{"start":{"line":55,"column":2},"end":{"line":55,"column":40}},"28":{"start":{"line":58,"column":0},"end":{"line":58,"column":27}}},"fnMap":{"0":{"name":"errHandler","decl":{"start":{"line":1,"column":9},"end":{"line":1,"column":19}},"loc":{"start":{"line":1,"column":41},"end":{"line":56,"column":1}},"line":1},"1":{"name":"(anonymous_1)","decl":{"start":{"line":37,"column":42},"end":{"line":37,"column":43}},"loc":{"start":{"line":37,"column":48},"end":{"line":37,"column":58}},"line":37}},"branchMap":{"0":{"loc":{"start":{"line":5,"column":2},"end":{"line":53,"column":3}},"type":"switch","locations":[{"start":{"line":6,"column":4},"end":{"line":9,"column":12}},{"start":{"line":10,"column":4},"end":{"line":13,"column":12}},{"start":{"line":19,"column":4},"end":{"line":22,"column":12}},{"start":{"line":23,"column":4},"end":{"line":26,"column":12}},{"start":{"line":27,"column":4},"end":{"line":30,"column":12}},{"start":{"line":31,"column":4},"end":{"line":34,"column":12}},{"start":{"line":35,"column":4},"end":{"line":38,"column":12}},{"start":{"line":39,"column":4},"end":{"line":42,"column":12}}],"line":5},"1":{"loc":{"start":{"line":37,"column":14},"end":{"line":37,"column":64}},"type":"cond-expr","locations":[{"start":{"line":37,"column":27},"end":{"line":37,"column":59}},{"start":{"line":37,"column":62},"end":{"line":37,"column":64}}],"line":37}},"s":{"0":15,"1":15,"2":4,"3":4,"4":4,"5":1,"6":1,"7":1,"8":1,"9":1,"10":1,"11":1,"12":1,"13":1,"14":3,"15":3,"16":3,"17":1,"18":1,"19":1,"20":3,"21":3,"22":4,"23":3,"24":1,"25":1,"26":1,"27":15,"28":1},"f":{"0":15,"1":4},"b":{"0":[4,1,1,1,3,1,3,1],"1":[3,0]},"_coverageSchema":"1a1c01bbd47fc00a2c39e90264f33305004495a9","hash":"e57ea44adaae7df464f9b6a1b1220fe04716831d"}
,"C:\\Users\\asus\\tugasFase3\\anon\\server\\middlewares\\imageKit.js": {"path":"C:\\Users\\asus\\tugasFase3\\anon\\server\\middlewares\\imageKit.js","statementMap":{"0":{"start":{"line":1,"column":15},"end":{"line":1,"column":34}},"1":{"start":{"line":3,"column":15},"end":{"line":7,"column":2}},"2":{"start":{"line":32,"column":0},"end":{"line":32,"column":33}}},"fnMap":{},"branchMap":{},"s":{"0":1,"1":1,"2":1},"f":{},"b":{},"_coverageSchema":"1a1c01bbd47fc00a2c39e90264f33305004495a9","hash":"6326c26f1980db1559d369286b2a01db08a4880f"}
,"C:\\Users\\asus\\tugasFase3\\anon\\server\\models\\hiss.js": {"path":"C:\\Users\\asus\\tugasFase3\\anon\\server\\models\\hiss.js","statementMap":{"0":{"start":{"line":2,"column":18},"end":{"line":2,"column":38}},"1":{"start":{"line":3,"column":26},"end":{"line":3,"column":42}},"2":{"start":{"line":4,"column":0},"end":{"line":54,"column":2}},"3":{"start":{"line":13,"column":6},"end":{"line":13,"column":60}},"4":{"start":{"line":14,"column":6},"end":{"line":14,"column":58}},"5":{"start":{"line":17,"column":2},"end":{"line":46,"column":4}},"6":{"start":{"line":47,"column":2},"end":{"line":49,"column":5}},"7":{"start":{"line":48,"column":4},"end":{"line":48,"column":56}},"8":{"start":{"line":50,"column":2},"end":{"line":52,"column":5}},"9":{"start":{"line":51,"column":4},"end":{"line":51,"column":78}},"10":{"start":{"line":53,"column":2},"end":{"line":53,"column":14}}},"fnMap":{"0":{"name":"(anonymous_0)","decl":{"start":{"line":4,"column":17},"end":{"line":4,"column":18}},"loc":{"start":{"line":4,"column":43},"end":{"line":54,"column":1}},"line":4},"1":{"name":"(anonymous_1)","decl":{"start":{"line":11,"column":4},"end":{"line":11,"column":5}},"loc":{"start":{"line":11,"column":29},"end":{"line":15,"column":5}},"line":11},"2":{"name":"(anonymous_2)","decl":{"start":{"line":47,"column":20},"end":{"line":47,"column":21}},"loc":{"start":{"line":47,"column":44},"end":{"line":49,"column":3}},"line":47},"3":{"name":"(anonymous_3)","decl":{"start":{"line":50,"column":24},"end":{"line":50,"column":25}},"loc":{"start":{"line":50,"column":48},"end":{"line":52,"column":3}},"line":50}},"branchMap":{},"s":{"0":1,"1":1,"2":1,"3":1,"4":1,"5":1,"6":1,"7":1,"8":1,"9":2,"10":1},"f":{"0":1,"1":1,"2":1,"3":2},"b":{},"_coverageSchema":"1a1c01bbd47fc00a2c39e90264f33305004495a9","hash":"1a1955616b10d345583ec16423569be71632f585"}
,"C:\\Users\\asus\\tugasFase3\\anon\\server\\models\\index.js": {"path":"C:\\Users\\asus\\tugasFase3\\anon\\server\\models\\index.js","statementMap":{"0":{"start":{"line":3,"column":11},"end":{"line":3,"column":24}},"1":{"start":{"line":4,"column":13},"end":{"line":4,"column":28}},"2":{"start":{"line":5,"column":18},"end":{"line":5,"column":38}},"3":{"start":{"line":6,"column":17},"end":{"line":6,"column":42}},"4":{"start":{"line":7,"column":12},"end":{"line":7,"column":49}},"5":{"start":{"line":8,"column":15},"end":{"line":8,"column":65}},"6":{"start":{"line":9,"column":11},"end":{"line":9,"column":13}},"7":{"start":{"line":12,"column":0},"end":{"line":16,"column":1}},"8":{"start":{"line":13,"column":2},"end":{"line":13,"column":74}},"9":{"start":{"line":15,"column":2},"end":{"line":15,"column":87}},"10":{"start":{"line":18,"column":0},"end":{"line":26,"column":5}},"11":{"start":{"line":21,"column":4},"end":{"line":21,"column":90}},"12":{"start":{"line":24,"column":18},"end":{"line":24,"column":85}},"13":{"start":{"line":25,"column":4},"end":{"line":25,"column":27}},"14":{"start":{"line":28,"column":0},"end":{"line":32,"column":3}},"15":{"start":{"line":29,"column":2},"end":{"line":31,"column":3}},"16":{"start":{"line":30,"column":4},"end":{"line":30,"column":32}},"17":{"start":{"line":34,"column":0},"end":{"line":34,"column":25}},"18":{"start":{"line":35,"column":0},"end":{"line":35,"column":25}},"19":{"start":{"line":37,"column":0},"end":{"line":37,"column":20}}},"fnMap":{"0":{"name":"(anonymous_0)","decl":{"start":{"line":20,"column":10},"end":{"line":20,"column":11}},"loc":{"start":{"line":20,"column":18},"end":{"line":22,"column":3}},"line":20},"1":{"name":"(anonymous_1)","decl":{"start":{"line":23,"column":11},"end":{"line":23,"column":12}},"loc":{"start":{"line":23,"column":19},"end":{"line":26,"column":3}},"line":23},"2":{"name":"(anonymous_2)","decl":{"start":{"line":28,"column":24},"end":{"line":28,"column":25}},"loc":{"start":{"line":28,"column":37},"end":{"line":32,"column":1}},"line":28}},"branchMap":{"0":{"loc":{"start":{"line":7,"column":12},"end":{"line":7,"column":49}},"type":"binary-expr","locations":[{"start":{"line":7,"column":12},"end":{"line":7,"column":32}},{"start":{"line":7,"column":36},"end":{"line":7,"column":49}}],"line":7},"1":{"loc":{"start":{"line":12,"column":0},"end":{"line":16,"column":1}},"type":"if","locations":[{"start":{"line":12,"column":0},"end":{"line":16,"column":1}},{"start":{"line":14,"column":7},"end":{"line":16,"column":1}}],"line":12},"2":{"loc":{"start":{"line":21,"column":11},"end":{"line":21,"column":89}},"type":"binary-expr","locations":[{"start":{"line":21,"column":12},"end":{"line":21,"column":35}},{"start":{"line":21,"column":41},"end":{"line":21,"column":58}},{"start":{"line":21,"column":64},"end":{"line":21,"column":88}}],"line":21},"3":{"loc":{"start":{"line":29,"column":2},"end":{"line":31,"column":3}},"type":"if","locations":[{"start":{"line":29,"column":2},"end":{"line":31,"column":3}},{"start":{},"end":{}}],"line":29}},"s":{"0":1,"1":1,"2":1,"3":1,"4":1,"5":1,"6":1,"7":1,"8":0,"9":1,"10":1,"11":5,"12":4,"13":4,"14":1,"15":4,"16":4,"17":1,"18":1,"19":1},"f":{"0":5,"1":4,"2":4},"b":{"0":[1,0],"1":[0,1],"2":[5,5,4],"3":[4,0]},"_coverageSchema":"1a1c01bbd47fc00a2c39e90264f33305004495a9","hash":"57ab491bcd9b7adc2252d68f75998a1fa0c74113"}
,"C:\\Users\\asus\\tugasFase3\\anon\\server\\models\\like.js": {"path":"C:\\Users\\asus\\tugasFase3\\anon\\server\\models\\like.js","statementMap":{"0":{"start":{"line":4,"column":4},"end":{"line":4,"column":24}},"1":{"start":{"line":5,"column":0},"end":{"line":26,"column":2}},"2":{"start":{"line":14,"column":6},"end":{"line":14,"column":57}},"3":{"start":{"line":15,"column":6},"end":{"line":15,"column":57}},"4":{"start":{"line":18,"column":2},"end":{"line":24,"column":5}},"5":{"start":{"line":25,"column":2},"end":{"line":25,"column":14}}},"fnMap":{"0":{"name":"(anonymous_0)","decl":{"start":{"line":5,"column":17},"end":{"line":5,"column":18}},"loc":{"start":{"line":5,"column":43},"end":{"line":26,"column":1}},"line":5},"1":{"name":"(anonymous_1)","decl":{"start":{"line":12,"column":4},"end":{"line":12,"column":5}},"loc":{"start":{"line":12,"column":29},"end":{"line":16,"column":5}},"line":12}},"branchMap":{},"s":{"0":1,"1":1,"2":1,"3":1,"4":1,"5":1},"f":{"0":1,"1":1},"b":{},"_coverageSchema":"1a1c01bbd47fc00a2c39e90264f33305004495a9","hash":"0abf09339cd934d71604a721d0d78b383ed55e4d"}
,"C:\\Users\\asus\\tugasFase3\\anon\\server\\models\\transaction.js": {"path":"C:\\Users\\asus\\tugasFase3\\anon\\server\\models\\transaction.js","statementMap":{"0":{"start":{"line":4,"column":4},"end":{"line":4,"column":24}},"1":{"start":{"line":5,"column":0},"end":{"line":27,"column":2}},"2":{"start":{"line":14,"column":6},"end":{"line":14,"column":65}},"3":{"start":{"line":17,"column":2},"end":{"line":25,"column":5}},"4":{"start":{"line":26,"column":2},"end":{"line":26,"column":21}}},"fnMap":{"0":{"name":"(anonymous_0)","decl":{"start":{"line":5,"column":17},"end":{"line":5,"column":18}},"loc":{"start":{"line":5,"column":43},"end":{"line":27,"column":1}},"line":5},"1":{"name":"(anonymous_1)","decl":{"start":{"line":12,"column":4},"end":{"line":12,"column":5}},"loc":{"start":{"line":12,"column":29},"end":{"line":15,"column":5}},"line":12}},"branchMap":{},"s":{"0":1,"1":1,"2":1,"3":1,"4":1},"f":{"0":1,"1":1},"b":{},"_coverageSchema":"1a1c01bbd47fc00a2c39e90264f33305004495a9","hash":"e4b4502218f2f8f27fbfe143dcbd8c449d9ba4f2"}
,"C:\\Users\\asus\\tugasFase3\\anon\\server\\models\\user.js": {"path":"C:\\Users\\asus\\tugasFase3\\anon\\server\\models\\user.js","statementMap":{"0":{"start":{"line":2,"column":27},"end":{"line":2,"column":54}},"1":{"start":{"line":4,"column":18},"end":{"line":4,"column":38}},"2":{"start":{"line":5,"column":0},"end":{"line":76,"column":2}},"3":{"start":{"line":14,"column":6},"end":{"line":14,"column":58}},"4":{"start":{"line":15,"column":6},"end":{"line":15,"column":65}},"5":{"start":{"line":16,"column":6},"end":{"line":16,"column":58}},"6":{"start":{"line":19,"column":2},"end":{"line":70,"column":4}},"7":{"start":{"line":72,"column":2},"end":{"line":74,"column":5}},"8":{"start":{"line":73,"column":4},"end":{"line":73,"column":60}},"9":{"start":{"line":75,"column":2},"end":{"line":75,"column":14}}},"fnMap":{"0":{"name":"(anonymous_0)","decl":{"start":{"line":5,"column":17},"end":{"line":5,"column":18}},"loc":{"start":{"line":5,"column":43},"end":{"line":76,"column":1}},"line":5},"1":{"name":"(anonymous_1)","decl":{"start":{"line":12,"column":4},"end":{"line":12,"column":5}},"loc":{"start":{"line":12,"column":29},"end":{"line":17,"column":5}},"line":12},"2":{"name":"(anonymous_2)","decl":{"start":{"line":57,"column":10},"end":{"line":57,"column":11}},"loc":{"start":{"line":57,"column":32},"end":{"line":62,"column":11}},"line":57},"3":{"name":"(anonymous_3)","decl":{"start":{"line":72,"column":20},"end":{"line":72,"column":21}},"loc":{"start":{"line":72,"column":44},"end":{"line":74,"column":3}},"line":72}},"branchMap":{},"s":{"0":1,"1":1,"2":1,"3":1,"4":1,"5":1,"6":1,"7":1,"8":1,"9":1},"f":{"0":1,"1":1,"2":2,"3":1},"b":{},"_coverageSchema":"1a1c01bbd47fc00a2c39e90264f33305004495a9","hash":"8565cb49a0c9f804aa0de90da84f7e96ade745e0"}
,"C:\\Users\\asus\\tugasFase3\\anon\\server\\routes\\hiss.js": {"path":"C:\\Users\\asus\\tugasFase3\\anon\\server\\routes\\hiss.js","statementMap":{"0":{"start":{"line":1,"column":15},"end":{"line":1,"column":42}},"1":{"start":{"line":2,"column":15},"end":{"line":2,"column":32}},"2":{"start":{"line":3,"column":15},"end":{"line":3,"column":23}},"3":{"start":{"line":4,"column":24},"end":{"line":4,"column":54}},"4":{"start":{"line":6,"column":24},"end":{"line":6,"column":58}},"5":{"start":{"line":7,"column":42},"end":{"line":7,"column":72}},"6":{"start":{"line":9,"column":0},"end":{"line":9,"column":27}},"7":{"start":{"line":10,"column":0},"end":{"line":15,"column":2}},"8":{"start":{"line":16,"column":0},"end":{"line":16,"column":44}},"9":{"start":{"line":17,"column":0},"end":{"line":17,"column":63}},"10":{"start":{"line":18,"column":0},"end":{"line":18,"column":62}},"11":{"start":{"line":19,"column":0},"end":{"line":19,"column":68}},"12":{"start":{"line":20,"column":0},"end":{"line":20,"column":65}},"13":{"start":{"line":22,"column":0},"end":{"line":22,"column":24}}},"fnMap":{},"branchMap":{},"s":{"0":1,"1":1,"2":1,"3":1,"4":1,"5":1,"6":1,"7":1,"8":1,"9":1,"10":1,"11":1,"12":1,"13":1},"f":{},"b":{},"_coverageSchema":"1a1c01bbd47fc00a2c39e90264f33305004495a9","hash":"4d66c3680bca8e2fd024919aa01164ec33e51675"}
,"C:\\Users\\asus\\tugasFase3\\anon\\server\\routes\\index.js": {"path":"C:\\Users\\asus\\tugasFase3\\anon\\server\\routes\\index.js","statementMap":{"0":{"start":{"line":1,"column":15},"end":{"line":1,"column":42}},"1":{"start":{"line":2,"column":19},"end":{"line":2,"column":36}},"2":{"start":{"line":3,"column":26},"end":{"line":3,"column":50}},"3":{"start":{"line":4,"column":19},"end":{"line":4,"column":39}},"4":{"start":{"line":5,"column":19},"end":{"line":5,"column":36}},"5":{"start":{"line":7,"column":0},"end":{"line":7,"column":31}},"6":{"start":{"line":8,"column":0},"end":{"line":8,"column":34}},"7":{"start":{"line":9,"column":0},"end":{"line":9,"column":45}},"8":{"start":{"line":10,"column":0},"end":{"line":10,"column":31}},"9":{"start":{"line":12,"column":0},"end":{"line":12,"column":24}}},"fnMap":{},"branchMap":{},"s":{"0":1,"1":1,"2":1,"3":1,"4":1,"5":1,"6":1,"7":1,"8":1,"9":1},"f":{},"b":{},"_coverageSchema":"1a1c01bbd47fc00a2c39e90264f33305004495a9","hash":"4013c497dc4f68812bc06aa1f9162c1fb9b750c8"}
,"C:\\Users\\asus\\tugasFase3\\anon\\server\\routes\\like.js": {"path":"C:\\Users\\asus\\tugasFase3\\anon\\server\\routes\\like.js","statementMap":{"0":{"start":{"line":1,"column":15},"end":{"line":1,"column":42}},"1":{"start":{"line":2,"column":23},"end":{"line":2,"column":63}},"2":{"start":{"line":4,"column":42},"end":{"line":4,"column":72}},"3":{"start":{"line":6,"column":0},"end":{"line":6,"column":27}},"4":{"start":{"line":9,"column":0},"end":{"line":9,"column":49}},"5":{"start":{"line":11,"column":0},"end":{"line":11,"column":24}}},"fnMap":{},"branchMap":{},"s":{"0":1,"1":1,"2":1,"3":1,"4":1,"5":1},"f":{},"b":{},"_coverageSchema":"1a1c01bbd47fc00a2c39e90264f33305004495a9","hash":"f14ba5bbe1fd2c98dbe483c8fa50477421148472"}
,"C:\\Users\\asus\\tugasFase3\\anon\\server\\routes\\transaction.js": {"path":"C:\\Users\\asus\\tugasFase3\\anon\\server\\routes\\transaction.js","statementMap":{"0":{"start":{"line":1,"column":15},"end":{"line":1,"column":42}},"1":{"start":{"line":2,"column":27},"end":{"line":2,"column":57}},"2":{"start":{"line":3,"column":30},"end":{"line":3,"column":77}},"3":{"start":{"line":6,"column":0},"end":{"line":6,"column":57}},"4":{"start":{"line":8,"column":0},"end":{"line":8,"column":26}},"5":{"start":{"line":9,"column":0},"end":{"line":9,"column":66}},"6":{"start":{"line":10,"column":0},"end":{"line":10,"column":55}},"7":{"start":{"line":12,"column":0},"end":{"line":12,"column":24}}},"fnMap":{},"branchMap":{},"s":{"0":1,"1":1,"2":1,"3":1,"4":1,"5":1,"6":1,"7":1},"f":{},"b":{},"_coverageSchema":"1a1c01bbd47fc00a2c39e90264f33305004495a9","hash":"ca247a7fc1e754d95f301bf02ead8aace321fb83"}
,"C:\\Users\\asus\\tugasFase3\\anon\\server\\routes\\user.js": {"path":"C:\\Users\\asus\\tugasFase3\\anon\\server\\routes\\user.js","statementMap":{"0":{"start":{"line":1,"column":15},"end":{"line":1,"column":42}},"1":{"start":{"line":2,"column":23},"end":{"line":2,"column":63}},"2":{"start":{"line":3,"column":27},"end":{"line":3,"column":57}},"3":{"start":{"line":5,"column":0},"end":{"line":5,"column":49}},"4":{"start":{"line":6,"column":0},"end":{"line":6,"column":43}},"5":{"start":{"line":8,"column":0},"end":{"line":8,"column":26}},"6":{"start":{"line":9,"column":0},"end":{"line":9,"column":46}},"7":{"start":{"line":10,"column":0},"end":{"line":10,"column":46}},"8":{"start":{"line":12,"column":0},"end":{"line":12,"column":22}}},"fnMap":{},"branchMap":{},"s":{"0":1,"1":1,"2":1,"3":1,"4":1,"5":1,"6":1,"7":1,"8":1},"f":{},"b":{},"_coverageSchema":"1a1c01bbd47fc00a2c39e90264f33305004495a9","hash":"4f698fe69251d63cf14551e56c06ad389de03931"}
}
