TN:
SF:app.js
FN:23,(anonymous_0)
FNF:1
FNH:0
FNDA:0,(anonymous_0)
DA:1,1
DA:2,1
DA:3,1
DA:4,1
DA:5,1
DA:6,1
DA:7,1
DA:8,1
DA:9,1
DA:15,1
DA:16,1
DA:17,1
DA:19,1
DA:21,1
DA:23,0
DA:24,0
LF:16
LH:14
BRDA:1,0,0,1
BRDA:1,0,1,0
BRDA:21,1,0,1
BRDA:21,1,1,0
BRF:4
BRH:2
end_of_record
TN:
SF:controllers\TransactionController.js
FN:35,(anonymous_0)
FN:44,(anonymous_1)
FN:53,(anonymous_2)
FN:55,(anonymous_3)
FN:67,(anonymous_4)
FN:79,(anonymous_5)
FN:89,(anonymous_6)
FN:96,(anonymous_7)
FN:100,(anonymous_8)
FN:105,(anonymous_9)
FN:112,(anonymous_10)
FN:114,(anonymous_11)
FNF:12
FNH:9
FNDA:4,(anonymous_0)
FNDA:4,(anonymous_1)
FNDA:1,(anonymous_2)
FNDA:0,(anonymous_3)
FNDA:3,(anonymous_4)
FNDA:1,(anonymous_5)
FNDA:1,(anonymous_6)
FNDA:1,(anonymous_7)
FNDA:0,(anonymous_8)
FNDA:1,(anonymous_9)
FNDA:1,(anonymous_10)
FNDA:0,(anonymous_11)
DA:1,1
DA:2,1
DA:3,1
DA:5,1
DA:37,4
DA:39,4
DA:45,4
DA:46,1
DA:52,1
DA:54,1
DA:56,0
DA:59,3
DA:62,3
DA:68,3
DA:70,2
DA:71,2
DA:73,2
DA:80,1
DA:90,1
DA:95,1
DA:97,1
DA:101,0
DA:106,1
DA:113,1
DA:115,0
DA:120,1
LF:26
LH:23
BRDA:45,0,0,1
BRDA:45,0,1,3
BRDA:68,1,0,2
BRDA:68,1,1,1
BRF:4
BRH:4
end_of_record
TN:
SF:controllers\UserController.js
FN:5,(anonymous_0)
FN:30,(anonymous_1)
FN:60,(anonymous_2)
FN:109,(anonymous_3)
FNF:4
FNH:4
FNDA:2,(anonymous_0)
FNDA:3,(anonymous_1)
FNDA:2,(anonymous_2)
FNDA:1,(anonymous_3)
DA:1,1
DA:2,1
DA:6,2
DA:8,2
DA:10,2
DA:11,2
DA:18,1
DA:26,1
DA:31,3
DA:32,3
DA:33,3
DA:38,3
DA:39,2
DA:41,2
DA:42,1
DA:47,1
DA:56,2
DA:61,2
DA:62,2
DA:64,2
DA:65,2
DA:72,2
DA:73,1
DA:82,1
DA:110,1
DA:111,1
DA:113,1
DA:114,1
DA:120,1
DA:121,1
DA:128,0
DA:133,1
LF:32
LH:31
BRDA:38,0,0,1
BRDA:38,0,1,2
BRDA:41,1,0,1
BRDA:41,1,1,1
BRDA:72,2,0,1
BRDA:72,2,1,1
BRDA:120,3,0,0
BRDA:120,3,1,1
BRF:8
BRH:7
end_of_record
TN:
SF:controllers\hiss.js
FN:4,(anonymous_0)
FN:13,(anonymous_1)
FN:14,(anonymous_2)
FN:17,(anonymous_3)
FN:21,(anonymous_4)
FN:22,(anonymous_5)
FN:25,(anonymous_6)
FN:27,(anonymous_7)
FN:28,(anonymous_8)
FN:31,(anonymous_9)
FN:43,(anonymous_10)
FN:48,(anonymous_11)
FN:51,(anonymous_12)
FN:63,(anonymous_13)
FN:67,(anonymous_14)
FN:70,(anonymous_15)
FN:77,(anonymous_16)
FN:82,(anonymous_17)
FNF:18
FNH:14
FNDA:2,(anonymous_0)
FNDA:1,(anonymous_1)
FNDA:1,(anonymous_2)
FNDA:1,(anonymous_3)
FNDA:1,(anonymous_4)
FNDA:0,(anonymous_5)
FNDA:1,(anonymous_6)
FNDA:1,(anonymous_7)
FNDA:0,(anonymous_8)
FNDA:1,(anonymous_9)
FNDA:1,(anonymous_10)
FNDA:0,(anonymous_11)
FNDA:2,(anonymous_12)
FNDA:1,(anonymous_13)
FNDA:1,(anonymous_14)
FNDA:1,(anonymous_15)
FNDA:1,(anonymous_16)
FNDA:0,(anonymous_17)
DA:1,1
DA:5,2
DA:12,2
DA:13,1
DA:14,1
DA:18,1
DA:21,1
DA:22,0
DA:26,1
DA:27,1
DA:28,0
DA:32,1
DA:34,1
DA:44,1
DA:46,1
DA:48,0
DA:52,2
DA:54,2
DA:64,1
DA:65,1
DA:67,1
DA:71,1
DA:73,1
DA:78,1
DA:82,0
DA:86,1
LF:26
LH:22
BRF:0
BRH:0
end_of_record
TN:
SF:helpers\index.js
FN:5,passwordHasher
FN:11,passwordDecoder
FN:15,tokenGenerator
FN:20,tokenDecoder
FNF:4
FNH:4
FNDA:1,passwordHasher
FNDA:2,passwordDecoder
FNDA:1,tokenGenerator
FNDA:16,tokenDecoder
DA:1,1
DA:2,1
DA:3,1
DA:6,1
DA:7,1
DA:8,1
DA:12,2
DA:16,1
DA:17,1
DA:21,16
DA:22,15
DA:25,1
LF:12
LH:12
BRF:0
BRH:0
end_of_record
TN:
SF:middlewares\auth.js
FN:4,authentication
FN:15,(anonymous_1)
FN:25,(anonymous_2)
FN:31,authorization
FN:34,(anonymous_4)
FN:45,(anonymous_5)
FNF:6
FNH:5
FNDA:19,authentication
FNDA:15,(anonymous_1)
FNDA:0,(anonymous_2)
FNDA:8,authorization
FNDA:8,(anonymous_4)
FNDA:3,(anonymous_5)
DA:1,1
DA:2,1
DA:5,19
DA:7,19
DA:8,3
DA:11,16
DA:12,16
DA:14,15
DA:16,15
DA:17,0
DA:19,15
DA:22,15
DA:25,0
DA:27,1
DA:32,8
DA:33,8
DA:35,8
DA:36,5
DA:37,5
DA:39,0
DA:42,3
DA:45,3
DA:48,1
LF:23
LH:20
BRDA:7,0,0,3
BRDA:7,0,1,16
BRDA:16,1,0,0
BRDA:16,1,1,15
BRDA:35,2,0,5
BRDA:35,2,1,3
BRDA:36,3,0,5
BRDA:36,3,1,0
BRF:8
BRH:6
end_of_record
TN:
SF:models\hiss.js
FN:3,(anonymous_0)
FN:10,(anonymous_1)
FNF:2
FNH:2
FNDA:1,(anonymous_0)
FNDA:1,(anonymous_1)
DA:2,1
DA:3,1
DA:14,1
DA:51,1
LF:4
LH:4
BRF:0
BRH:0
end_of_record
TN:
SF:models\index.js
FN:20,(anonymous_0)
FN:23,(anonymous_1)
FN:28,(anonymous_2)
FNF:3
FNH:3
FNDA:4,(anonymous_0)
FNDA:3,(anonymous_1)
FNDA:3,(anonymous_2)
DA:3,1
DA:4,1
DA:5,1
DA:6,1
DA:7,1
DA:8,1
DA:9,1
DA:12,1
DA:13,0
DA:15,1
DA:18,1
DA:21,4
DA:24,3
DA:25,3
DA:28,1
DA:29,3
DA:30,3
DA:34,1
DA:35,1
DA:37,1
LF:20
LH:19
BRDA:7,0,0,1
BRDA:7,0,1,0
BRDA:12,1,0,0
BRDA:12,1,1,1
BRDA:21,2,0,4
BRDA:21,2,1,4
BRDA:21,2,2,3
BRDA:29,3,0,3
BRDA:29,3,1,0
BRF:9
BRH:6
end_of_record
TN:
SF:models\transaction.js
FN:5,(anonymous_0)
FN:12,(anonymous_1)
FNF:2
FNH:2
FNDA:1,(anonymous_0)
FNDA:1,(anonymous_1)
DA:4,1
DA:5,1
DA:14,1
DA:17,1
DA:26,1
LF:5
LH:5
BRF:0
BRH:0
end_of_record
TN:
SF:models\user.js
FN:7,(anonymous_0)
FN:14,(anonymous_1)
FN:65,(anonymous_2)
FNF:3
FNH:3
FNDA:1,(anonymous_0)
FNDA:1,(anonymous_1)
FNDA:1,(anonymous_2)
DA:2,1
DA:6,1
DA:7,1
DA:17,1
DA:20,1
DA:65,1
DA:66,1
DA:68,1
LF:8
LH:8
BRF:0
BRH:0
end_of_record
TN:
SF:routes\hiss.js
FNF:0
FNH:0
DA:1,1
DA:3,1
DA:4,1
DA:6,1
DA:7,1
DA:8,1
DA:9,1
DA:10,1
DA:11,1
DA:12,1
DA:14,1
LF:11
LH:11
BRF:0
BRH:0
end_of_record
TN:
SF:routes\index.js
FNF:0
FNH:0
DA:1,1
DA:2,1
DA:3,1
DA:4,1
DA:6,1
DA:7,1
DA:8,1
DA:10,1
LF:8
LH:8
BRF:0
BRH:0
end_of_record
TN:
SF:routes\transaction.js
FNF:0
FNH:0
DA:1,1
DA:2,1
DA:3,1
DA:6,1
DA:8,1
DA:9,1
DA:10,1
DA:12,1
LF:8
LH:8
BRF:0
BRH:0
end_of_record
TN:
SF:routes\user.js
FNF:0
FNH:0
DA:1,1
DA:2,1
DA:3,1
DA:5,1
DA:6,1
DA:8,1
DA:9,1
DA:11,1
DA:13,1
LF:9
LH:9
BRF:0
BRH:0
end_of_record
