TN:
SF:app.js
FN:33,(anonymous_0)
FNF:1
FNH:0
FNDA:0,(anonymous_0)
DA:1,1
DA:2,1
DA:3,1
DA:4,1
DA:5,1
DA:6,1
DA:7,1
DA:8,1
DA:14,1
DA:15,1
DA:16,1
DA:18,1
DA:19,1
DA:20,1
DA:31,1
DA:33,0
DA:34,0
LF:17
LH:15
BRDA:1,0,0,1
BRDA:1,0,1,0
BRDA:31,1,0,1
BRDA:31,1,1,0
BRF:4
BRH:2
end_of_record
TN:
SF:controllers\UserController.js
FN:5,(anonymous_0)
FN:28,(anonymous_1)
FN:57,(anonymous_2)
FNF:3
FNH:3
FNDA:2,(anonymous_0)
FNDA:2,(anonymous_1)
FNDA:2,(anonymous_2)
DA:1,1
DA:2,1
DA:6,2
DA:8,2
DA:10,2
DA:11,2
DA:17,1
DA:24,1
DA:29,2
DA:30,2
DA:31,2
DA:36,2
DA:37,2
DA:39,2
DA:40,1
DA:45,1
DA:53,1
DA:58,2
DA:59,2
DA:61,2
DA:62,2
DA:69,2
DA:70,1
DA:78,1
DA:84,1
LF:25
LH:25
BRDA:36,0,0,0
BRDA:36,0,1,2
BRDA:39,1,0,1
BRDA:39,1,1,1
BRDA:69,2,0,1
BRDA:69,2,1,1
BRF:6
BRH:5
end_of_record
TN:
SF:helpers\index.js
FN:5,passwordHasher
FN:11,passwordDecoder
FN:15,tokenGenerator
FN:20,tokenDecoder
FNF:4
FNH:3
FNDA:1,passwordHasher
FNDA:2,passwordDecoder
FNDA:1,tokenGenerator
FNDA:0,tokenDecoder
DA:1,1
DA:2,1
DA:3,1
DA:6,1
DA:7,1
DA:8,1
DA:12,2
DA:16,1
DA:17,1
DA:21,0
DA:22,0
DA:25,1
LF:12
LH:10
BRF:0
BRH:0
end_of_record
TN:
SF:models\index.js
FN:20,(anonymous_0)
FN:23,(anonymous_1)
FN:28,(anonymous_2)
FNF:3
FNH:3
FNDA:2,(anonymous_0)
FNDA:1,(anonymous_1)
FNDA:1,(anonymous_2)
DA:3,1
DA:4,1
DA:5,1
DA:6,1
DA:7,1
DA:8,1
DA:9,1
DA:12,1
DA:13,0
DA:15,1
DA:18,1
DA:21,2
DA:24,1
DA:25,1
DA:28,1
DA:29,1
DA:30,1
DA:34,1
DA:35,1
DA:37,1
LF:20
LH:19
BRDA:7,0,0,1
BRDA:7,0,1,0
BRDA:12,1,0,0
BRDA:12,1,1,1
BRDA:21,2,0,2
BRDA:21,2,1,2
BRDA:21,2,2,1
BRDA:29,3,0,1
BRDA:29,3,1,0
BRF:9
BRH:6
end_of_record
TN:
SF:models\user.js
FN:7,(anonymous_0)
FN:14,(anonymous_1)
FN:58,(anonymous_2)
FNF:3
FNH:3
FNDA:1,(anonymous_0)
FNDA:1,(anonymous_1)
FNDA:1,(anonymous_2)
DA:2,1
DA:6,1
DA:7,1
DA:19,1
DA:58,1
DA:59,1
DA:61,1
LF:7
LH:7
BRF:0
BRH:0
end_of_record
